{"D:\\Code\\p\\vscode-sftp\\src\\app.ts": {"path":"D:\\Code\\p\\vscode-sftp\\src\\app.ts","statementMap":{"0":{"start":{"line":14,"column":17},"end":{"line":14,"column":null}},"1":{"start":{"line":16,"column":0},"end":{"line":16,"column":null}},"2":{"start":{"line":17,"column":0},"end":{"line":27,"column":null}},"3":{"start":{"line":19,"column":4},"end":{"line":23,"column":null}},"4":{"start":{"line":20,"column":6},"end":{"line":20,"column":null}},"5":{"start":{"line":22,"column":6},"end":{"line":22,"column":null}},"6":{"start":{"line":28,"column":0},"end":{"line":28,"column":null}}},"fnMap":{"0":{"name":"(anonymous_0)","decl":{"start":{"line":17,"column":22},"end":{"line":17,"column":null}},"loc":{"start":{"line":18,"column":8},"end":{"line":24,"column":null}},"line":18}},"branchMap":{"0":{"loc":{"start":{"line":19,"column":4},"end":{"line":23,"column":null}},"type":"if","locations":[{"start":{"line":19,"column":4},"end":{"line":23,"column":null}},{"start":{"line":21,"column":11},"end":{"line":23,"column":null}}],"line":19}},"s":{"0":0,"1":0,"2":0,"3":0,"4":0,"5":0,"6":0},"f":{"0":0},"b":{"0":[0,0]},"meta":{"lastBranch":1,"lastFunction":1,"lastStatement":7,"seen":{"s:14:17:14:Infinity":0,"s:16:0:16:Infinity":1,"s:17:0:27:Infinity":2,"f:17:22:17:Infinity":0,"b:19:4:23:Infinity:21:11:23:Infinity":0,"s:19:4:23:Infinity":3,"s:20:6:20:Infinity":4,"s:22:6:22:Infinity":5,"s:28:0:28:Infinity":6},"fnNames":{}}}
,"D:\\Code\\p\\vscode-sftp\\src\\constants.ts": {"path":"D:\\Code\\p\\vscode-sftp\\src\\constants.ts","statementMap":{"0":{"start":{"line":3,"column":22},"end":{"line":3,"column":null}},"1":{"start":{"line":5,"column":30},"end":{"line":5,"column":null}},"2":{"start":{"line":8,"column":34},"end":{"line":8,"column":null}},"3":{"start":{"line":12,"column":29},"end":{"line":12,"column":null}},"4":{"start":{"line":18,"column":31},"end":{"line":18,"column":null}},"5":{"start":{"line":19,"column":27},"end":{"line":19,"column":null}},"6":{"start":{"line":22,"column":37},"end":{"line":22,"column":null}},"7":{"start":{"line":25,"column":30},"end":{"line":25,"column":null}},"8":{"start":{"line":26,"column":35},"end":{"line":26,"column":null}},"9":{"start":{"line":27,"column":43},"end":{"line":27,"column":null}},"10":{"start":{"line":28,"column":51},"end":{"line":28,"column":null}},"11":{"start":{"line":30,"column":36},"end":{"line":30,"column":null}},"12":{"start":{"line":31,"column":30},"end":{"line":31,"column":null}},"13":{"start":{"line":32,"column":35},"end":{"line":32,"column":null}},"14":{"start":{"line":33,"column":43},"end":{"line":33,"column":null}},"15":{"start":{"line":34,"column":41},"end":{"line":34,"column":null}},"16":{"start":{"line":35,"column":37},"end":{"line":35,"column":null}},"17":{"start":{"line":36,"column":43},"end":{"line":36,"column":null}},"18":{"start":{"line":37,"column":38},"end":{"line":37,"column":null}},"19":{"start":{"line":39,"column":52},"end":{"line":39,"column":null}},"20":{"start":{"line":40,"column":46},"end":{"line":40,"column":null}},"21":{"start":{"line":41,"column":51},"end":{"line":41,"column":null}},"22":{"start":{"line":42,"column":57},"end":{"line":42,"column":null}},"23":{"start":{"line":43,"column":53},"end":{"line":43,"column":null}},"24":{"start":{"line":44,"column":59},"end":{"line":44,"column":null}},"25":{"start":{"line":45,"column":54},"end":{"line":45,"column":null}},"26":{"start":{"line":47,"column":38},"end":{"line":47,"column":null}},"27":{"start":{"line":48,"column":32},"end":{"line":48,"column":null}},"28":{"start":{"line":49,"column":37},"end":{"line":49,"column":null}},"29":{"start":{"line":50,"column":43},"end":{"line":50,"column":null}},"30":{"start":{"line":51,"column":39},"end":{"line":51,"column":null}},"31":{"start":{"line":52,"column":45},"end":{"line":52,"column":null}},"32":{"start":{"line":53,"column":40},"end":{"line":53,"column":null}},"33":{"start":{"line":55,"column":44},"end":{"line":55,"column":null}},"34":{"start":{"line":56,"column":44},"end":{"line":56,"column":null}},"35":{"start":{"line":57,"column":44},"end":{"line":57,"column":null}},"36":{"start":{"line":59,"column":28},"end":{"line":59,"column":null}},"37":{"start":{"line":60,"column":39},"end":{"line":60,"column":null}},"38":{"start":{"line":61,"column":28},"end":{"line":61,"column":null}},"39":{"start":{"line":62,"column":41},"end":{"line":62,"column":null}},"40":{"start":{"line":63,"column":32},"end":{"line":63,"column":null}},"41":{"start":{"line":64,"column":37},"end":{"line":64,"column":null}},"42":{"start":{"line":65,"column":42},"end":{"line":65,"column":null}},"43":{"start":{"line":66,"column":49},"end":{"line":66,"column":null}},"44":{"start":{"line":68,"column":46},"end":{"line":68,"column":null}},"45":{"start":{"line":69,"column":58},"end":{"line":69,"column":null}},"46":{"start":{"line":70,"column":50},"end":{"line":70,"column":null}},"47":{"start":{"line":71,"column":51},"end":{"line":71,"column":null}},"48":{"start":{"line":73,"column":37},"end":{"line":73,"column":null}},"49":{"start":{"line":74,"column":35},"end":{"line":74,"column":null}}},"fnMap":{},"branchMap":{},"s":{"0":1,"1":1,"2":1,"3":1,"4":1,"5":1,"6":1,"7":1,"8":1,"9":1,"10":1,"11":1,"12":1,"13":1,"14":1,"15":1,"16":1,"17":1,"18":1,"19":1,"20":1,"21":1,"22":1,"23":1,"24":1,"25":1,"26":1,"27":1,"28":1,"29":1,"30":1,"31":1,"32":1,"33":1,"34":1,"35":1,"36":1,"37":1,"38":1,"39":1,"40":1,"41":1,"42":1,"43":1,"44":1,"45":1,"46":1,"47":1,"48":1,"49":1},"f":{},"b":{},"meta":{"lastBranch":0,"lastFunction":0,"lastStatement":50,"seen":{"s:3:22:3:Infinity":0,"s:5:30:5:Infinity":1,"s:8:34:8:Infinity":2,"s:12:29:12:Infinity":3,"s:18:31:18:Infinity":4,"s:19:27:19:Infinity":5,"s:22:37:22:Infinity":6,"s:25:30:25:Infinity":7,"s:26:35:26:Infinity":8,"s:27:43:27:Infinity":9,"s:28:51:28:Infinity":10,"s:30:36:30:Infinity":11,"s:31:30:31:Infinity":12,"s:32:35:32:Infinity":13,"s:33:43:33:Infinity":14,"s:34:41:34:Infinity":15,"s:35:37:35:Infinity":16,"s:36:43:36:Infinity":17,"s:37:38:37:Infinity":18,"s:39:52:39:Infinity":19,"s:40:46:40:Infinity":20,"s:41:51:41:Infinity":21,"s:42:57:42:Infinity":22,"s:43:53:43:Infinity":23,"s:44:59:44:Infinity":24,"s:45:54:45:Infinity":25,"s:47:38:47:Infinity":26,"s:48:32:48:Infinity":27,"s:49:37:49:Infinity":28,"s:50:43:50:Infinity":29,"s:51:39:51:Infinity":30,"s:52:45:52:Infinity":31,"s:53:40:53:Infinity":32,"s:55:44:55:Infinity":33,"s:56:44:56:Infinity":34,"s:57:44:57:Infinity":35,"s:59:28:59:Infinity":36,"s:60:39:60:Infinity":37,"s:61:28:61:Infinity":38,"s:62:41:62:Infinity":39,"s:63:32:63:Infinity":40,"s:64:37:64:Infinity":41,"s:65:42:65:Infinity":42,"s:66:49:66:Infinity":43,"s:68:46:68:Infinity":44,"s:69:58:69:Infinity":45,"s:70:50:70:Infinity":46,"s:71:51:71:Infinity":47,"s:73:37:73:Infinity":48,"s:74:35:74:Infinity":49},"fnNames":{}}}
,"D:\\Code\\p\\vscode-sftp\\src\\extension.ts": {"path":"D:\\Code\\p\\vscode-sftp\\src\\extension.ts","statementMap":{"0":{"start":{"line":17,"column":18},"end":{"line":17,"column":null}},"1":{"start":{"line":18,"column":2},"end":{"line":20,"column":null}},"2":{"start":{"line":19,"column":4},"end":{"line":19,"column":null}},"3":{"start":{"line":24,"column":2},"end":{"line":24,"column":null}},"4":{"start":{"line":25,"column":23},"end":{"line":25,"column":null}},"5":{"start":{"line":25,"column":54},"end":{"line":25,"column":93}},"6":{"start":{"line":27,"column":2},"end":{"line":27,"column":null}},"7":{"start":{"line":35,"column":2},"end":{"line":35,"column":null}},"8":{"start":{"line":36,"column":2},"end":{"line":36,"column":null}},"9":{"start":{"line":38,"column":2},"end":{"line":42,"column":null}},"10":{"start":{"line":39,"column":4},"end":{"line":39,"column":null}},"11":{"start":{"line":41,"column":4},"end":{"line":41,"column":null}},"12":{"start":{"line":44,"column":27},"end":{"line":44,"column":47}},"13":{"start":{"line":45,"column":2},"end":{"line":47,"column":null}},"14":{"start":{"line":46,"column":4},"end":{"line":46,"column":null}},"15":{"start":{"line":49,"column":2},"end":{"line":49,"column":null}},"16":{"start":{"line":50,"column":2},"end":{"line":50,"column":null}},"17":{"start":{"line":51,"column":2},"end":{"line":60,"column":null}},"18":{"start":{"line":52,"column":24},"end":{"line":52,"column":null}},"19":{"start":{"line":54,"column":4},"end":{"line":56,"column":null}},"20":{"start":{"line":55,"column":6},"end":{"line":55,"column":null}},"21":{"start":{"line":57,"column":4},"end":{"line":59,"column":null}},"22":{"start":{"line":58,"column":6},"end":{"line":58,"column":null}},"23":{"start":{"line":61,"column":2},"end":{"line":66,"column":null}},"24":{"start":{"line":62,"column":4},"end":{"line":62,"column":null}},"25":{"start":{"line":63,"column":4},"end":{"line":63,"column":null}},"26":{"start":{"line":65,"column":4},"end":{"line":65,"column":null}},"27":{"start":{"line":70,"column":2},"end":{"line":70,"column":null}},"28":{"start":{"line":71,"column":2},"end":{"line":71,"column":null}}},"fnMap":{"0":{"name":"setupWorkspaceFolder","decl":{"start":{"line":16,"column":15},"end":{"line":16,"column":36}},"loc":{"start":{"line":16,"column":41},"end":{"line":21,"column":null}},"line":16},"1":{"name":"(anonymous_1)","decl":{"start":{"line":18,"column":10},"end":{"line":18,"column":18}},"loc":{"start":{"line":18,"column":28},"end":{"line":20,"column":3}},"line":18},"2":{"name":"setup","decl":{"start":{"line":23,"column":9},"end":{"line":23,"column":15}},"loc":{"start":{"line":23,"column":68},"end":{"line":28,"column":null}},"line":23},"3":{"name":"(anonymous_3)","decl":{"start":{"line":25,"column":40},"end":{"line":25,"column":44}},"loc":{"start":{"line":25,"column":54},"end":{"line":25,"column":93}},"line":25},"4":{"name":"activate","decl":{"start":{"line":32,"column":22},"end":{"line":32,"column":31}},"loc":{"start":{"line":32,"column":65},"end":{"line":67,"column":null}},"line":32},"5":{"name":"(anonymous_5)","decl":{"start":{"line":51,"column":12},"end":{"line":51,"column":22}},"loc":{"start":{"line":51,"column":27},"end":{"line":60,"column":3}},"line":51},"6":{"name":"deactivate","decl":{"start":{"line":69,"column":16},"end":{"line":69,"column":29}},"loc":{"start":{"line":69,"column":29},"end":{"line":72,"column":null}},"line":69}},"branchMap":{"0":{"loc":{"start":{"line":45,"column":2},"end":{"line":47,"column":null}},"type":"if","locations":[{"start":{"line":45,"column":2},"end":{"line":47,"column":null}},{"start":{},"end":{}}],"line":45},"1":{"loc":{"start":{"line":54,"column":4},"end":{"line":56,"column":null}},"type":"if","locations":[{"start":{"line":54,"column":4},"end":{"line":56,"column":null}},{"start":{},"end":{}}],"line":54},"2":{"loc":{"start":{"line":57,"column":4},"end":{"line":59,"column":null}},"type":"if","locations":[{"start":{"line":57,"column":4},"end":{"line":59,"column":null}},{"start":{},"end":{}}],"line":57}},"s":{"0":0,"1":0,"2":0,"3":0,"4":0,"5":0,"6":0,"7":0,"8":0,"9":0,"10":0,"11":0,"12":0,"13":0,"14":0,"15":0,"16":0,"17":0,"18":0,"19":0,"20":0,"21":0,"22":0,"23":0,"24":0,"25":0,"26":0,"27":0,"28":0},"f":{"0":0,"1":0,"2":0,"3":0,"4":0,"5":0,"6":0},"b":{"0":[0,0],"1":[0,0],"2":[0,0]},"meta":{"lastBranch":3,"lastFunction":7,"lastStatement":29,"seen":{"f:16:15:16:36":0,"s:17:18:17:Infinity":0,"s:18:2:20:Infinity":1,"f:18:10:18:18":1,"s:19:4:19:Infinity":2,"f:23:9:23:15":2,"s:24:2:24:Infinity":3,"s:25:23:25:Infinity":4,"f:25:40:25:44":3,"s:25:54:25:93":5,"s:27:2:27:Infinity":6,"f:32:22:32:31":4,"s:35:2:35:Infinity":7,"s:36:2:36:Infinity":8,"s:38:2:42:Infinity":9,"s:39:4:39:Infinity":10,"s:41:4:41:Infinity":11,"s:44:27:44:47":12,"b:45:2:47:Infinity:undefined:undefined:undefined:undefined":0,"s:45:2:47:Infinity":13,"s:46:4:46:Infinity":14,"s:49:2:49:Infinity":15,"s:50:2:50:Infinity":16,"s:51:2:60:Infinity":17,"f:51:12:51:22":5,"s:52:24:52:Infinity":18,"b:54:4:56:Infinity:undefined:undefined:undefined:undefined":1,"s:54:4:56:Infinity":19,"s:55:6:55:Infinity":20,"b:57:4:59:Infinity:undefined:undefined:undefined:undefined":2,"s:57:4:59:Infinity":21,"s:58:6:58:Infinity":22,"s:61:2:66:Infinity":23,"s:62:4:62:Infinity":24,"s:63:4:63:Infinity":25,"s:65:4:65:Infinity":26,"f:69:16:69:29":6,"s:70:2:70:Infinity":27,"s:71:2:71:Infinity":28},"fnNames":{}}}
,"D:\\Code\\p\\vscode-sftp\\src\\host.ts": {"path":"D:\\Code\\p\\vscode-sftp\\src\\host.ts","statementMap":{"0":{"start":{"line":5,"column":2},"end":{"line":5,"column":null}},"1":{"start":{"line":9,"column":2},"end":{"line":9,"column":null}},"2":{"start":{"line":13,"column":2},"end":{"line":13,"column":null}},"3":{"start":{"line":20,"column":2},"end":{"line":20,"column":null}},"4":{"start":{"line":24,"column":2},"end":{"line":24,"column":null}},"5":{"start":{"line":28,"column":2},"end":{"line":28,"column":null}},"6":{"start":{"line":32,"column":2},"end":{"line":32,"column":null}},"7":{"start":{"line":36,"column":2},"end":{"line":36,"column":null}},"8":{"start":{"line":40,"column":2},"end":{"line":40,"column":null}},"9":{"start":{"line":44,"column":2},"end":{"line":44,"column":null}},"10":{"start":{"line":48,"column":2},"end":{"line":48,"column":null}},"11":{"start":{"line":52,"column":2},"end":{"line":52,"column":null}},"12":{"start":{"line":56,"column":18},"end":{"line":56,"column":null}},"13":{"start":{"line":57,"column":19},"end":{"line":57,"column":null}},"14":{"start":{"line":59,"column":2},"end":{"line":59,"column":null}},"15":{"start":{"line":63,"column":2},"end":{"line":67,"column":null}},"16":{"start":{"line":71,"column":2},"end":{"line":71,"column":null}},"17":{"start":{"line":75,"column":2},"end":{"line":75,"column":null}},"18":{"start":{"line":79,"column":2},"end":{"line":79,"column":null}},"19":{"start":{"line":83,"column":2},"end":{"line":83,"column":null}},"20":{"start":{"line":91,"column":17},"end":{"line":95,"column":null}},"21":{"start":{"line":97,"column":2},"end":{"line":97,"column":null}},"22":{"start":{"line":101,"column":2},"end":{"line":101,"column":null}},"23":{"start":{"line":105,"column":2},"end":{"line":105,"column":null}},"24":{"start":{"line":114,"column":21},"end":{"line":114,"column":null}},"25":{"start":{"line":115,"column":2},"end":{"line":115,"column":null}},"26":{"start":{"line":119,"column":2},"end":{"line":119,"column":null}}},"fnMap":{"0":{"name":"getOpenTextDocuments","decl":{"start":{"line":4,"column":16},"end":{"line":4,"column":71}},"loc":{"start":{"line":4,"column":71},"end":{"line":6,"column":null}},"line":4},"1":{"name":"getUserSetting","decl":{"start":{"line":8,"column":16},"end":{"line":8,"column":31}},"loc":{"start":{"line":8,"column":90},"end":{"line":10,"column":null}},"line":8},"2":{"name":"executeCommand","decl":{"start":{"line":12,"column":16},"end":{"line":12,"column":31}},"loc":{"start":{"line":12,"column":79},"end":{"line":14,"column":null}},"line":12},"3":{"name":"onWillSaveTextDocument","decl":{"start":{"line":16,"column":16},"end":{"line":16,"column":null}},"loc":{"start":{"line":19,"column":2},"end":{"line":21,"column":null}},"line":19},"4":{"name":"onDidSaveTextDocument","decl":{"start":{"line":23,"column":16},"end":{"line":23,"column":38}},"loc":{"start":{"line":23,"column":97},"end":{"line":25,"column":null}},"line":23},"5":{"name":"onDidOpenTextDocument","decl":{"start":{"line":27,"column":16},"end":{"line":27,"column":38}},"loc":{"start":{"line":27,"column":97},"end":{"line":29,"column":null}},"line":27},"6":{"name":"pathRelativeToWorkspace","decl":{"start":{"line":31,"column":16},"end":{"line":31,"column":40}},"loc":{"start":{"line":31,"column":51},"end":{"line":33,"column":null}},"line":31},"7":{"name":"getActiveTextEditor","decl":{"start":{"line":35,"column":16},"end":{"line":35,"column":38}},"loc":{"start":{"line":35,"column":38},"end":{"line":37,"column":null}},"line":35},"8":{"name":"getWorkspaceFolders","decl":{"start":{"line":39,"column":16},"end":{"line":39,"column":38}},"loc":{"start":{"line":39,"column":38},"end":{"line":41,"column":null}},"line":39},"9":{"name":"refreshExplorer","decl":{"start":{"line":43,"column":16},"end":{"line":43,"column":34}},"loc":{"start":{"line":43,"column":34},"end":{"line":45,"column":null}},"line":43},"10":{"name":"focusOpenEditors","decl":{"start":{"line":47,"column":16},"end":{"line":47,"column":35}},"loc":{"start":{"line":47,"column":35},"end":{"line":49,"column":null}},"line":47},"11":{"name":"showTextDocument","decl":{"start":{"line":51,"column":16},"end":{"line":51,"column":33}},"loc":{"start":{"line":51,"column":91},"end":{"line":53,"column":null}},"line":51},"12":{"name":"diffFiles","decl":{"start":{"line":55,"column":16},"end":{"line":55,"column":26}},"loc":{"start":{"line":55,"column":67},"end":{"line":60,"column":null}},"line":55},"13":{"name":"promptForPassword","decl":{"start":{"line":62,"column":16},"end":{"line":62,"column":34}},"loc":{"start":{"line":62,"column":79},"end":{"line":68,"column":null}},"line":62},"14":{"name":"setContextValue","decl":{"start":{"line":70,"column":16},"end":{"line":70,"column":32}},"loc":{"start":{"line":70,"column":57},"end":{"line":72,"column":null}},"line":70},"15":{"name":"showErrorMessage","decl":{"start":{"line":74,"column":16},"end":{"line":74,"column":33}},"loc":{"start":{"line":74,"column":70},"end":{"line":76,"column":null}},"line":74},"16":{"name":"showInformationMessage","decl":{"start":{"line":78,"column":16},"end":{"line":78,"column":39}},"loc":{"start":{"line":78,"column":76},"end":{"line":80,"column":null}},"line":78},"17":{"name":"showWarningMessage","decl":{"start":{"line":82,"column":16},"end":{"line":82,"column":35}},"loc":{"start":{"line":82,"column":72},"end":{"line":84,"column":null}},"line":82},"18":{"name":"showConfirmMessage","decl":{"start":{"line":86,"column":22},"end":{"line":86,"column":null}},"loc":{"start":{"line":90,"column":2},"end":{"line":98,"column":null}},"line":90},"19":{"name":"showOpenDialog","decl":{"start":{"line":100,"column":16},"end":{"line":100,"column":31}},"loc":{"start":{"line":100,"column":66},"end":{"line":102,"column":null}},"line":100},"20":{"name":"openFolder","decl":{"start":{"line":104,"column":16},"end":{"line":104,"column":27}},"loc":{"start":{"line":104,"column":66},"end":{"line":106,"column":null}},"line":104},"21":{"name":"registerCommand","decl":{"start":{"line":108,"column":16},"end":{"line":108,"column":null}},"loc":{"start":{"line":113,"column":2},"end":{"line":116,"column":null}},"line":113},"22":{"name":"addWorkspaceFolder","decl":{"start":{"line":118,"column":16},"end":{"line":118,"column":35}},"loc":{"start":{"line":118,"column":99},"end":{"line":120,"column":null}},"line":118}},"branchMap":{"0":{"loc":{"start":{"line":88,"column":2},"end":{"line":88,"column":null}},"type":"default-arg","locations":[{"start":{"line":88,"column":25},"end":{"line":88,"column":null}}],"line":88},"1":{"loc":{"start":{"line":89,"column":2},"end":{"line":89,"column":null}},"type":"default-arg","locations":[{"start":{"line":89,"column":24},"end":{"line":89,"column":null}}],"line":89},"2":{"loc":{"start":{"line":97,"column":17},"end":{"line":97,"column":56}},"type":"binary-expr","locations":[{"start":{"line":97,"column":17},"end":{"line":97,"column":27}},{"start":{"line":97,"column":27},"end":{"line":97,"column":56}}],"line":97}},"s":{"0":0,"1":0,"2":0,"3":0,"4":0,"5":0,"6":0,"7":0,"8":0,"9":0,"10":0,"11":0,"12":0,"13":0,"14":0,"15":0,"16":0,"17":0,"18":0,"19":0,"20":0,"21":0,"22":0,"23":0,"24":0,"25":0,"26":0},"f":{"0":0,"1":0,"2":0,"3":0,"4":0,"5":0,"6":0,"7":0,"8":0,"9":0,"10":0,"11":0,"12":0,"13":0,"14":0,"15":0,"16":0,"17":0,"18":0,"19":0,"20":0,"21":0,"22":0},"b":{"0":[0],"1":[0],"2":[0,0]},"meta":{"lastBranch":3,"lastFunction":23,"lastStatement":27,"seen":{"f:4:16:4:71":0,"s:5:2:5:Infinity":0,"f:8:16:8:31":1,"s:9:2:9:Infinity":1,"f:12:16:12:31":2,"s:13:2:13:Infinity":2,"f:16:16:16:Infinity":3,"s:20:2:20:Infinity":3,"f:23:16:23:38":4,"s:24:2:24:Infinity":4,"f:27:16:27:38":5,"s:28:2:28:Infinity":5,"f:31:16:31:40":6,"s:32:2:32:Infinity":6,"f:35:16:35:38":7,"s:36:2:36:Infinity":7,"f:39:16:39:38":8,"s:40:2:40:Infinity":8,"f:43:16:43:34":9,"s:44:2:44:Infinity":9,"f:47:16:47:35":10,"s:48:2:48:Infinity":10,"f:51:16:51:33":11,"s:52:2:52:Infinity":11,"f:55:16:55:26":12,"s:56:18:56:Infinity":12,"s:57:19:57:Infinity":13,"s:59:2:59:Infinity":14,"f:62:16:62:34":13,"s:63:2:67:Infinity":15,"f:70:16:70:32":14,"s:71:2:71:Infinity":16,"f:74:16:74:33":15,"s:75:2:75:Infinity":17,"f:78:16:78:39":16,"s:79:2:79:Infinity":18,"f:82:16:82:35":17,"s:83:2:83:Infinity":19,"f:86:22:86:Infinity":18,"b:88:25:88:Infinity":0,"b:89:24:89:Infinity":1,"s:91:17:95:Infinity":20,"s:97:2:97:Infinity":21,"b:97:17:97:27:97:27:97:56":2,"f:100:16:100:31":19,"s:101:2:101:Infinity":22,"f:104:16:104:27":20,"s:105:2:105:Infinity":23,"f:108:16:108:Infinity":21,"s:114:21:114:Infinity":24,"s:115:2:115:Infinity":25,"f:118:16:118:35":22,"s:119:2:119:Infinity":26},"fnNames":{}}}
,"D:\\Code\\p\\vscode-sftp\\src\\initCommands.ts": {"path":"D:\\Code\\p\\vscode-sftp\\src\\initCommands.ts","statementMap":{"0":{"start":{"line":8,"column":2},"end":{"line":10,"column":null}},"1":{"start":{"line":9,"column":4},"end":{"line":9,"column":null}},"2":{"start":{"line":14,"column":22},"end":{"line":14,"column":null}},"3":{"start":{"line":15,"column":2},"end":{"line":15,"column":null}},"4":{"start":{"line":15,"column":67},"end":{"line":15,"column":81}},"5":{"start":{"line":23,"column":2},"end":{"line":35,"column":null}},"6":{"start":{"line":24,"column":4},"end":{"line":24,"column":null}},"7":{"start":{"line":26,"column":4},"end":{"line":34,"column":null}},"8":{"start":{"line":28,"column":18},"end":{"line":28,"column":null}},"9":{"start":{"line":29,"column":35},"end":{"line":29,"column":null}},"10":{"start":{"line":30,"column":6},"end":{"line":30,"column":null}},"11":{"start":{"line":31,"column":6},"end":{"line":31,"column":null}},"12":{"start":{"line":33,"column":6},"end":{"line":33,"column":null}}},"fnMap":{"0":{"name":"init","decl":{"start":{"line":7,"column":24},"end":{"line":7,"column":29}},"loc":{"start":{"line":7,"column":56},"end":{"line":11,"column":null}},"line":7},"1":{"name":"nomalizeCommandName","decl":{"start":{"line":13,"column":9},"end":{"line":13,"column":29}},"loc":{"start":{"line":13,"column":46},"end":{"line":16,"column":null}},"line":13},"2":{"name":"(anonymous_2)","decl":{"start":{"line":15,"column":48},"end":{"line":15,"column":58}},"loc":{"start":{"line":15,"column":67},"end":{"line":15,"column":81}},"line":15},"3":{"name":"registerGroup","decl":{"start":{"line":18,"column":9},"end":{"line":18,"column":null}},"loc":{"start":{"line":22,"column":2},"end":{"line":36,"column":null}},"line":22}},"branchMap":{},"s":{"0":0,"1":0,"2":0,"3":0,"4":0,"5":0,"6":0,"7":0,"8":0,"9":0,"10":0,"11":0,"12":0},"f":{"0":0,"1":0,"2":0,"3":0},"b":{},"meta":{"lastBranch":0,"lastFunction":4,"lastStatement":13,"seen":{"f:7:24:7:29":0,"s:8:2:10:Infinity":0,"s:9:4:9:Infinity":1,"f:13:9:13:29":1,"s:14:22:14:Infinity":2,"s:15:2:15:Infinity":3,"f:15:48:15:58":2,"s:15:67:15:81":4,"f:18:9:18:Infinity":3,"s:23:2:35:Infinity":5,"s:24:4:24:Infinity":6,"s:26:4:34:Infinity":7,"s:28:18:28:Infinity":8,"s:29:35:29:Infinity":9,"s:30:6:30:Infinity":10,"s:31:6:31:Infinity":11,"s:33:6:33:Infinity":12},"fnNames":{}}}
,"D:\\Code\\p\\vscode-sftp\\src\\logger.ts": {"path":"D:\\Code\\p\\vscode-sftp\\src\\logger.ts","statementMap":{},"fnMap":{},"branchMap":{},"s":{},"f":{},"b":{},"meta":{"lastBranch":0,"lastFunction":0,"lastStatement":0,"seen":{},"fnNames":{}}}
,"D:\\Code\\p\\vscode-sftp\\src\\uResource.ts": {"path":"D:\\Code\\p\\vscode-sftp\\src\\uResource.ts","statementMap":{"0":{"start":{"line":17,"column":25},"end":{"line":17,"column":null}},"1":{"start":{"line":20,"column":19},"end":{"line":20,"column":null}},"2":{"start":{"line":21,"column":2},"end":{"line":21,"column":null}},"3":{"start":{"line":31,"column":4},"end":{"line":31,"column":null}},"4":{"start":{"line":32,"column":4},"end":{"line":43,"column":null}},"5":{"start":{"line":33,"column":20},"end":{"line":33,"column":null}},"6":{"start":{"line":34,"column":6},"end":{"line":34,"column":null}},"7":{"start":{"line":36,"column":6},"end":{"line":38,"column":null}},"8":{"start":{"line":37,"column":8},"end":{"line":37,"column":null}},"9":{"start":{"line":40,"column":6},"end":{"line":40,"column":null}},"10":{"start":{"line":42,"column":6},"end":{"line":42,"column":null}},"11":{"start":{"line":47,"column":4},"end":{"line":47,"column":null}},"12":{"start":{"line":51,"column":4},"end":{"line":51,"column":null}},"13":{"start":{"line":55,"column":4},"end":{"line":55,"column":null}},"14":{"start":{"line":80,"column":4},"end":{"line":80,"column":null}},"15":{"start":{"line":84,"column":4},"end":{"line":86,"column":null}},"16":{"start":{"line":85,"column":6},"end":{"line":85,"column":null}},"17":{"start":{"line":88,"column":4},"end":{"line":90,"column":null}},"18":{"start":{"line":89,"column":6},"end":{"line":89,"column":null}},"19":{"start":{"line":96,"column":8},"end":{"line":96,"column":null}},"20":{"start":{"line":97,"column":19},"end":{"line":97,"column":null}},"21":{"start":{"line":98,"column":18},"end":{"line":101,"column":null}},"22":{"start":{"line":105,"column":4},"end":{"line":105,"column":null}},"23":{"start":{"line":109,"column":16},"end":{"line":109,"column":null}},"24":{"start":{"line":110,"column":27},"end":{"line":110,"column":null}},"25":{"start":{"line":111,"column":18},"end":{"line":111,"column":null}},"26":{"start":{"line":112,"column":4},"end":{"line":112,"column":null}},"27":{"start":{"line":114,"column":4},"end":{"line":114,"column":null}},"28":{"start":{"line":118,"column":4},"end":{"line":120,"column":null}},"29":{"start":{"line":119,"column":6},"end":{"line":119,"column":null}},"30":{"start":{"line":122,"column":64},"end":{"line":122,"column":null}},"31":{"start":{"line":126,"column":4},"end":{"line":142,"column":null}},"32":{"start":{"line":127,"column":26},"end":{"line":131,"column":null}},"33":{"start":{"line":132,"column":6},"end":{"line":132,"column":null}},"34":{"start":{"line":133,"column":6},"end":{"line":133,"column":null}},"35":{"start":{"line":135,"column":27},"end":{"line":135,"column":null}},"36":{"start":{"line":136,"column":6},"end":{"line":140,"column":null}},"37":{"start":{"line":141,"column":6},"end":{"line":141,"column":null}},"38":{"start":{"line":144,"column":4},"end":{"line":144,"column":null}},"39":{"start":{"line":148,"column":4},"end":{"line":148,"column":null}},"40":{"start":{"line":149,"column":4},"end":{"line":149,"column":null}},"41":{"start":{"line":153,"column":4},"end":{"line":153,"column":null}},"42":{"start":{"line":157,"column":4},"end":{"line":157,"column":null}},"43":{"start":{"line":161,"column":4},"end":{"line":161,"column":null}},"44":{"start":{"line":165,"column":4},"end":{"line":165,"column":null}}},"fnMap":{"0":{"name":"createUriString","decl":{"start":{"line":15,"column":9},"end":{"line":15,"column":25}},"loc":{"start":{"line":15,"column":91},"end":{"line":22,"column":null}},"line":15},"1":{"name":"constructor","decl":{"start":{"line":30,"column":2},"end":{"line":30,"column":14}},"loc":{"start":{"line":30,"column":24},"end":{"line":44,"column":null}},"line":30},"2":{"name":"remoteId","decl":{"start":{"line":46,"column":6},"end":{"line":46,"column":25}},"loc":{"start":{"line":46,"column":25},"end":{"line":48,"column":null}},"line":46},"3":{"name":"uri","decl":{"start":{"line":50,"column":6},"end":{"line":50,"column":17}},"loc":{"start":{"line":50,"column":17},"end":{"line":52,"column":null}},"line":50},"4":{"name":"fsPath","decl":{"start":{"line":54,"column":6},"end":{"line":54,"column":15}},"loc":{"start":{"line":54,"column":15},"end":{"line":56,"column":null}},"line":54},"5":{"name":"isRemote","decl":{"start":{"line":79,"column":9},"end":{"line":79,"column":18}},"loc":{"start":{"line":79,"column":28},"end":{"line":81,"column":null}},"line":79},"6":{"name":"makeResource","decl":{"start":{"line":83,"column":9},"end":{"line":83,"column":22}},"loc":{"start":{"line":83,"column":89},"end":{"line":106,"column":null}},"line":83},"7":{"name":"updateResource","decl":{"start":{"line":108,"column":9},"end":{"line":108,"column":24}},"loc":{"start":{"line":108,"column":85},"end":{"line":115,"column":null}},"line":108},"8":{"name":"from","decl":{"start":{"line":117,"column":9},"end":{"line":117,"column":14}},"loc":{"start":{"line":117,"column":68},"end":{"line":145,"column":null}},"line":117},"9":{"name":"constructor_2","decl":{"start":{"line":147,"column":2},"end":{"line":147,"column":10}},"loc":{"start":{"line":147,"column":71},"end":{"line":150,"column":null}},"line":147},"10":{"name":"localFsPath","decl":{"start":{"line":152,"column":6},"end":{"line":152,"column":28}},"loc":{"start":{"line":152,"column":28},"end":{"line":154,"column":null}},"line":152},"11":{"name":"remoteFsPath","decl":{"start":{"line":156,"column":6},"end":{"line":156,"column":29}},"loc":{"start":{"line":156,"column":29},"end":{"line":158,"column":null}},"line":156},"12":{"name":"localUri","decl":{"start":{"line":160,"column":6},"end":{"line":160,"column":22}},"loc":{"start":{"line":160,"column":22},"end":{"line":162,"column":null}},"line":160},"13":{"name":"remoteUri","decl":{"start":{"line":164,"column":6},"end":{"line":164,"column":23}},"loc":{"start":{"line":164,"column":23},"end":{"line":166,"column":null}},"line":164}},"branchMap":{"0":{"loc":{"start":{"line":32,"column":4},"end":{"line":43,"column":null}},"type":"if","locations":[{"start":{"line":32,"column":4},"end":{"line":43,"column":null}},{"start":{"line":41,"column":11},"end":{"line":43,"column":null}}],"line":32},"1":{"loc":{"start":{"line":36,"column":6},"end":{"line":38,"column":null}},"type":"if","locations":[{"start":{"line":36,"column":6},"end":{"line":38,"column":null}},{"start":{},"end":{}}],"line":36},"2":{"loc":{"start":{"line":84,"column":4},"end":{"line":86,"column":null}},"type":"if","locations":[{"start":{"line":84,"column":4},"end":{"line":86,"column":null}},{"start":{},"end":{}}],"line":84},"3":{"loc":{"start":{"line":88,"column":4},"end":{"line":90,"column":null}},"type":"if","locations":[{"start":{"line":88,"column":4},"end":{"line":90,"column":null}},{"start":{},"end":{}}],"line":88},"4":{"loc":{"start":{"line":97,"column":29},"end":{"line":97,"column":null}},"type":"cond-expr","locations":[{"start":{"line":97,"column":36},"end":{"line":97,"column":49}},{"start":{"line":97,"column":49},"end":{"line":97,"column":null}}],"line":97},"5":{"loc":{"start":{"line":118,"column":4},"end":{"line":120,"column":null}},"type":"if","locations":[{"start":{"line":118,"column":4},"end":{"line":120,"column":null}},{"start":{},"end":{}}],"line":118},"6":{"loc":{"start":{"line":126,"column":4},"end":{"line":142,"column":null}},"type":"if","locations":[{"start":{"line":126,"column":4},"end":{"line":142,"column":null}},{"start":{"line":134,"column":11},"end":{"line":142,"column":null}}],"line":126}},"s":{"0":0,"1":0,"2":0,"3":0,"4":0,"5":0,"6":0,"7":0,"8":0,"9":0,"10":0,"11":0,"12":0,"13":0,"14":0,"15":0,"16":0,"17":0,"18":0,"19":0,"20":0,"21":0,"22":0,"23":0,"24":0,"25":0,"26":0,"27":0,"28":0,"29":0,"30":0,"31":0,"32":0,"33":0,"34":0,"35":0,"36":0,"37":0,"38":0,"39":0,"40":0,"41":0,"42":0,"43":0,"44":0},"f":{"0":0,"1":0,"2":0,"3":0,"4":0,"5":0,"6":0,"7":0,"8":0,"9":0,"10":0,"11":0,"12":0,"13":0},"b":{"0":[0,0],"1":[0,0],"2":[0,0],"3":[0,0],"4":[0,0],"5":[0,0],"6":[0,0]},"meta":{"lastBranch":7,"lastFunction":14,"lastStatement":45,"seen":{"f:15:9:15:25":0,"s:17:25:17:Infinity":0,"s:20:19:20:Infinity":1,"s:21:2:21:Infinity":2,"f:30:2:30:14":1,"s:31:4:31:Infinity":3,"b:32:4:43:Infinity:41:11:43:Infinity":0,"s:32:4:43:Infinity":4,"s:33:20:33:Infinity":5,"s:34:6:34:Infinity":6,"b:36:6:38:Infinity:undefined:undefined:undefined:undefined":1,"s:36:6:38:Infinity":7,"s:37:8:37:Infinity":8,"s:40:6:40:Infinity":9,"s:42:6:42:Infinity":10,"f:46:6:46:25":2,"s:47:4:47:Infinity":11,"f:50:6:50:17":3,"s:51:4:51:Infinity":12,"f:54:6:54:15":4,"s:55:4:55:Infinity":13,"f:79:9:79:18":5,"s:80:4:80:Infinity":14,"f:83:9:83:22":6,"b:84:4:86:Infinity:undefined:undefined:undefined:undefined":2,"s:84:4:86:Infinity":15,"s:85:6:85:Infinity":16,"b:88:4:90:Infinity:undefined:undefined:undefined:undefined":3,"s:88:4:90:Infinity":17,"s:89:6:89:Infinity":18,"s:96:8:96:Infinity":19,"s:97:19:97:Infinity":20,"b:97:36:97:49:97:49:97:Infinity":4,"s:98:18:101:Infinity":21,"s:105:4:105:Infinity":22,"f:108:9:108:24":7,"s:109:16:109:Infinity":23,"s:110:27:110:Infinity":24,"s:111:18:111:Infinity":25,"s:112:4:112:Infinity":26,"s:114:4:114:Infinity":27,"f:117:9:117:14":8,"b:118:4:120:Infinity:undefined:undefined:undefined:undefined":5,"s:118:4:120:Infinity":28,"s:119:6:119:Infinity":29,"s:122:64:122:Infinity":30,"b:126:4:142:Infinity:134:11:142:Infinity":6,"s:126:4:142:Infinity":31,"s:127:26:131:Infinity":32,"s:132:6:132:Infinity":33,"s:133:6:133:Infinity":34,"s:135:27:135:Infinity":35,"s:136:6:140:Infinity":36,"s:141:6:141:Infinity":37,"s:144:4:144:Infinity":38,"f:147:2:147:10":9,"s:148:4:148:Infinity":39,"s:149:4:149:Infinity":40,"f:152:6:152:28":10,"s:153:4:153:Infinity":41,"f:156:6:156:29":11,"s:157:4:157:Infinity":42,"f:160:6:160:22":12,"s:161:4:161:Infinity":43,"f:164:6:164:23":13,"s:165:4:165:Infinity":44},"fnNames":{}}}
,"D:\\Code\\p\\vscode-sftp\\src\\utils.ts": {"path":"D:\\Code\\p\\vscode-sftp\\src\\utils.ts","statementMap":{"0":{"start":{"line":2,"column":8},"end":{"line":2,"column":null}},"1":{"start":{"line":2,"column":40},"end":{"line":2,"column":null}},"2":{"start":{"line":3,"column":2},"end":{"line":3,"column":null}},"3":{"start":{"line":7,"column":2},"end":{"line":10,"column":null}},"4":{"start":{"line":8,"column":18},"end":{"line":8,"column":null}},"5":{"start":{"line":9,"column":4},"end":{"line":9,"column":null}}},"fnMap":{"0":{"name":"flatten","decl":{"start":{"line":1,"column":16},"end":{"line":1,"column":24}},"loc":{"start":{"line":1,"column":31},"end":{"line":4,"column":null}},"line":1},"1":{"name":"(anonymous_1)","decl":{"start":{"line":2,"column":8},"end":{"line":2,"column":23}},"loc":{"start":{"line":2,"column":40},"end":{"line":2,"column":null}},"line":2},"2":{"name":"interpolate","decl":{"start":{"line":6,"column":16},"end":{"line":6,"column":28}},"loc":{"start":{"line":6,"column":73},"end":{"line":11,"column":null}},"line":6},"3":{"name":"(anonymous_3)","decl":{"start":{"line":7,"column":21},"end":{"line":7,"column":39}},"loc":{"start":{"line":7,"column":55},"end":{"line":10,"column":3}},"line":7}},"branchMap":{"0":{"loc":{"start":{"line":9,"column":11},"end":{"line":9,"column":null}},"type":"cond-expr","locations":[{"start":{"line":9,"column":68},"end":{"line":9,"column":76}},{"start":{"line":9,"column":76},"end":{"line":9,"column":null}}],"line":9},"1":{"loc":{"start":{"line":9,"column":11},"end":{"line":9,"column":68}},"type":"binary-expr","locations":[{"start":{"line":9,"column":11},"end":{"line":9,"column":40}},{"start":{"line":9,"column":40},"end":{"line":9,"column":68}}],"line":9}},"s":{"0":21,"1":53,"2":21,"3":0,"4":0,"5":0},"f":{"0":21,"1":53,"2":0,"3":0},"b":{"0":[0,0],"1":[0,0]},"meta":{"lastBranch":2,"lastFunction":4,"lastStatement":6,"seen":{"f:1:16:1:24":0,"s:2:8:2:Infinity":0,"f:2:8:2:23":1,"s:2:40:2:Infinity":1,"s:3:2:3:Infinity":2,"f:6:16:6:28":2,"s:7:2:10:Infinity":3,"f:7:21:7:39":3,"s:8:18:8:Infinity":4,"s:9:4:9:Infinity":5,"b:9:68:9:76:9:76:9:Infinity":0,"b:9:11:9:40:9:40:9:68":1},"fnNames":{}}}
,"D:\\Code\\p\\vscode-sftp\\src\\commands\\commandCancelAllTransfer.ts": {"path":"D:\\Code\\p\\vscode-sftp\\src\\commands\\commandCancelAllTransfer.ts","statementMap":{"0":{"start":{"line":9,"column":4},"end":{"line":9,"column":null}},"1":{"start":{"line":9,"column":28},"end":{"line":9,"column":46}},"2":{"start":{"line":9,"column":61},"end":{"line":9,"column":84}}},"fnMap":{"0":{"name":"handleCommand","decl":{"start":{"line":8,"column":8},"end":{"line":8,"column":24}},"loc":{"start":{"line":8,"column":24},"end":{"line":10,"column":null}},"line":8},"1":{"name":"(anonymous_1)","decl":{"start":{"line":9,"column":4},"end":{"line":9,"column":23}},"loc":{"start":{"line":9,"column":28},"end":{"line":9,"column":46}},"line":9},"2":{"name":"(anonymous_2)","decl":{"start":{"line":9,"column":48},"end":{"line":9,"column":56}},"loc":{"start":{"line":9,"column":61},"end":{"line":9,"column":84}},"line":9}},"branchMap":{},"s":{"0":0,"1":0,"2":0},"f":{"0":0,"1":0,"2":0},"b":{},"meta":{"lastBranch":0,"lastFunction":3,"lastStatement":3,"seen":{"f:8:8:8:24":0,"s:9:4:9:Infinity":0,"f:9:4:9:23":1,"s:9:28:9:46":1,"f:9:48:9:56":2,"s:9:61:9:84":2},"fnNames":{}}}
,"D:\\Code\\p\\vscode-sftp\\src\\commands\\commandConfig.ts": {"path":"D:\\Code\\p\\vscode-sftp\\src\\commands\\commandConfig.ts","statementMap":{"0":{"start":{"line":17,"column":29},"end":{"line":17,"column":49}},"1":{"start":{"line":18,"column":4},"end":{"line":30,"column":null}},"2":{"start":{"line":19,"column":21},"end":{"line":23,"column":null}},"3":{"start":{"line":25,"column":6},"end":{"line":27,"column":null}},"4":{"start":{"line":26,"column":8},"end":{"line":26,"column":null}},"5":{"start":{"line":29,"column":6},"end":{"line":29,"column":null}},"6":{"start":{"line":32,"column":4},"end":{"line":55,"column":null}},"7":{"start":{"line":33,"column":21},"end":{"line":37,"column":null}},"8":{"start":{"line":39,"column":6},"end":{"line":41,"column":null}},"9":{"start":{"line":40,"column":8},"end":{"line":40,"column":null}},"10":{"start":{"line":43,"column":24},"end":{"line":47,"column":null}},"11":{"start":{"line":49,"column":6},"end":{"line":51,"column":null}},"12":{"start":{"line":50,"column":8},"end":{"line":50,"column":null}},"13":{"start":{"line":53,"column":6},"end":{"line":53,"column":null}},"14":{"start":{"line":53,"column":50},"end":{"line":53,"column":58}},"15":{"start":{"line":54,"column":6},"end":{"line":54,"column":null}},"16":{"start":{"line":57,"column":4},"end":{"line":60,"column":null}},"17":{"start":{"line":58,"column":6},"end":{"line":58,"column":null}},"18":{"start":{"line":59,"column":6},"end":{"line":59,"column":null}},"19":{"start":{"line":62,"column":21},"end":{"line":66,"column":null}},"20":{"start":{"line":62,"column":53},"end":{"line":66,"column":6}},"21":{"start":{"line":68,"column":4},"end":{"line":78,"column":null}},"22":{"start":{"line":73,"column":8},"end":{"line":75,"column":null}},"23":{"start":{"line":74,"column":10},"end":{"line":74,"column":null}},"24":{"start":{"line":77,"column":8},"end":{"line":77,"column":null}}},"fnMap":{"0":{"name":"handleCommand","decl":{"start":{"line":16,"column":8},"end":{"line":16,"column":24}},"loc":{"start":{"line":16,"column":24},"end":{"line":79,"column":null}},"line":16},"1":{"name":"(anonymous_1)","decl":{"start":{"line":53,"column":38},"end":{"line":53,"column":42}},"loc":{"start":{"line":53,"column":50},"end":{"line":53,"column":58}},"line":53},"2":{"name":"(anonymous_2)","decl":{"start":{"line":62,"column":38},"end":{"line":62,"column":42}},"loc":{"start":{"line":62,"column":53},"end":{"line":66,"column":6}},"line":62},"3":{"name":"(anonymous_3)","decl":{"start":{"line":72,"column":7},"end":{"line":72,"column":12}},"loc":{"start":{"line":72,"column":20},"end":{"line":78,"column":7}},"line":72}},"branchMap":{"0":{"loc":{"start":{"line":18,"column":4},"end":{"line":30,"column":null}},"type":"if","locations":[{"start":{"line":18,"column":4},"end":{"line":30,"column":null}},{"start":{},"end":{}}],"line":18},"1":{"loc":{"start":{"line":25,"column":6},"end":{"line":27,"column":null}},"type":"if","locations":[{"start":{"line":25,"column":6},"end":{"line":27,"column":null}},{"start":{},"end":{}}],"line":25},"2":{"loc":{"start":{"line":32,"column":4},"end":{"line":55,"column":null}},"type":"if","locations":[{"start":{"line":32,"column":4},"end":{"line":55,"column":null}},{"start":{},"end":{}}],"line":32},"3":{"loc":{"start":{"line":39,"column":6},"end":{"line":41,"column":null}},"type":"if","locations":[{"start":{"line":39,"column":6},"end":{"line":41,"column":null}},{"start":{},"end":{}}],"line":39},"4":{"loc":{"start":{"line":49,"column":6},"end":{"line":51,"column":null}},"type":"if","locations":[{"start":{"line":49,"column":6},"end":{"line":51,"column":null}},{"start":{},"end":{}}],"line":49},"5":{"loc":{"start":{"line":57,"column":4},"end":{"line":60,"column":null}},"type":"if","locations":[{"start":{"line":57,"column":4},"end":{"line":60,"column":null}},{"start":{},"end":{}}],"line":57},"6":{"loc":{"start":{"line":73,"column":8},"end":{"line":75,"column":null}},"type":"if","locations":[{"start":{"line":73,"column":8},"end":{"line":75,"column":null}},{"start":{},"end":{}}],"line":73}},"s":{"0":0,"1":0,"2":0,"3":0,"4":0,"5":0,"6":0,"7":0,"8":0,"9":0,"10":0,"11":0,"12":0,"13":0,"14":0,"15":0,"16":0,"17":0,"18":0,"19":0,"20":0,"21":0,"22":0,"23":0,"24":0},"f":{"0":0,"1":0,"2":0,"3":0},"b":{"0":[0,0],"1":[0,0],"2":[0,0],"3":[0,0],"4":[0,0],"5":[0,0],"6":[0,0]},"meta":{"lastBranch":7,"lastFunction":4,"lastStatement":25,"seen":{"f:16:8:16:24":0,"s:17:29:17:49":0,"b:18:4:30:Infinity:undefined:undefined:undefined:undefined":0,"s:18:4:30:Infinity":1,"s:19:21:23:Infinity":2,"b:25:6:27:Infinity:undefined:undefined:undefined:undefined":1,"s:25:6:27:Infinity":3,"s:26:8:26:Infinity":4,"s:29:6:29:Infinity":5,"b:32:4:55:Infinity:undefined:undefined:undefined:undefined":2,"s:32:4:55:Infinity":6,"s:33:21:37:Infinity":7,"b:39:6:41:Infinity:undefined:undefined:undefined:undefined":3,"s:39:6:41:Infinity":8,"s:40:8:40:Infinity":9,"s:43:24:47:Infinity":10,"b:49:6:51:Infinity:undefined:undefined:undefined:undefined":4,"s:49:6:51:Infinity":11,"s:50:8:50:Infinity":12,"s:53:6:53:Infinity":13,"f:53:38:53:42":1,"s:53:50:53:58":14,"s:54:6:54:Infinity":15,"b:57:4:60:Infinity:undefined:undefined:undefined:undefined":5,"s:57:4:60:Infinity":16,"s:58:6:58:Infinity":17,"s:59:6:59:Infinity":18,"s:62:21:66:Infinity":19,"f:62:38:62:42":2,"s:62:53:66:6":20,"s:68:4:78:Infinity":21,"f:72:7:72:12":3,"b:73:8:75:Infinity:undefined:undefined:undefined:undefined":6,"s:73:8:75:Infinity":22,"s:74:10:74:Infinity":23,"s:77:8:77:Infinity":24},"fnNames":{}}}
,"D:\\Code\\p\\vscode-sftp\\src\\commands\\commandListActiveFolder.ts": {"path":"D:\\Code\\p\\vscode-sftp\\src\\commands\\commandListActiveFolder.ts","statementMap":{"0":{"start":{"line":16,"column":22},"end":{"line":16,"column":38}},"1":{"start":{"line":17,"column":4},"end":{"line":19,"column":null}},"2":{"start":{"line":18,"column":6},"end":{"line":18,"column":null}},"3":{"start":{"line":21,"column":16},"end":{"line":21,"column":null}},"4":{"start":{"line":22,"column":19},"end":{"line":22,"column":null}},"5":{"start":{"line":23,"column":21},"end":{"line":23,"column":null}},"6":{"start":{"line":24,"column":22},"end":{"line":24,"column":null}},"7":{"start":{"line":25,"column":19},"end":{"line":25,"column":null}},"8":{"start":{"line":25,"column":43},"end":{"line":25,"column":74}},"9":{"start":{"line":27,"column":22},"end":{"line":34,"column":null}},"10":{"start":{"line":27,"column":45},"end":{"line":34,"column":6}},"11":{"start":{"line":35,"column":21},"end":{"line":35,"column":null}},"12":{"start":{"line":36,"column":4},"end":{"line":38,"column":null}},"13":{"start":{"line":37,"column":6},"end":{"line":37,"column":null}},"14":{"start":{"line":40,"column":21},"end":{"line":42,"column":null}},"15":{"start":{"line":43,"column":4},"end":{"line":52,"column":null}},"16":{"start":{"line":44,"column":6},"end":{"line":44,"column":null}},"17":{"start":{"line":45,"column":6},"end":{"line":49,"column":null}},"18":{"start":{"line":46,"column":8},"end":{"line":46,"column":null}},"19":{"start":{"line":51,"column":6},"end":{"line":51,"column":null}}},"fnMap":{"0":{"name":"handleCommand","decl":{"start":{"line":15,"column":8},"end":{"line":15,"column":24}},"loc":{"start":{"line":15,"column":24},"end":{"line":53,"column":null}},"line":15},"1":{"name":"(anonymous_1)","decl":{"start":{"line":25,"column":26},"end":{"line":25,"column":35}},"loc":{"start":{"line":25,"column":43},"end":{"line":25,"column":74}},"line":25},"2":{"name":"(anonymous_2)","decl":{"start":{"line":27,"column":32},"end":{"line":27,"column":36}},"loc":{"start":{"line":27,"column":45},"end":{"line":34,"column":6}},"line":27}},"branchMap":{"0":{"loc":{"start":{"line":17,"column":4},"end":{"line":19,"column":null}},"type":"if","locations":[{"start":{"line":17,"column":4},"end":{"line":19,"column":null}},{"start":{},"end":{}}],"line":17},"1":{"loc":{"start":{"line":25,"column":19},"end":{"line":25,"column":null}},"type":"cond-expr","locations":[{"start":{"line":25,"column":26},"end":{"line":25,"column":74}},{"start":{"line":25,"column":74},"end":{"line":25,"column":null}}],"line":25},"2":{"loc":{"start":{"line":28,"column":42},"end":{"line":28,"column":null}},"type":"cond-expr","locations":[{"start":{"line":28,"column":77},"end":{"line":28,"column":83}},{"start":{"line":28,"column":83},"end":{"line":28,"column":null}}],"line":28},"3":{"loc":{"start":{"line":36,"column":4},"end":{"line":38,"column":null}},"type":"if","locations":[{"start":{"line":36,"column":4},"end":{"line":38,"column":null}},{"start":{},"end":{}}],"line":36},"4":{"loc":{"start":{"line":43,"column":4},"end":{"line":52,"column":null}},"type":"if","locations":[{"start":{"line":43,"column":4},"end":{"line":52,"column":null}},{"start":{"line":50,"column":11},"end":{"line":52,"column":null}}],"line":43}},"s":{"0":0,"1":0,"2":0,"3":0,"4":0,"5":0,"6":0,"7":0,"8":0,"9":0,"10":0,"11":0,"12":0,"13":0,"14":0,"15":0,"16":0,"17":0,"18":0,"19":0},"f":{"0":0,"1":0,"2":0},"b":{"0":[0,0],"1":[0,0],"2":[0,0],"3":[0,0],"4":[0,0]},"meta":{"lastBranch":5,"lastFunction":3,"lastStatement":20,"seen":{"f:15:8:15:24":0,"s:16:22:16:38":0,"b:17:4:19:Infinity:undefined:undefined:undefined:undefined":0,"s:17:4:19:Infinity":1,"s:18:6:18:Infinity":2,"s:21:16:21:Infinity":3,"s:22:19:22:Infinity":4,"s:23:21:23:Infinity":5,"s:24:22:24:Infinity":6,"s:25:19:25:Infinity":7,"b:25:26:25:74:25:74:25:Infinity":1,"f:25:26:25:35":1,"s:25:43:25:74":8,"s:27:22:34:Infinity":9,"f:27:32:27:36":2,"s:27:45:34:6":10,"b:28:77:28:83:28:83:28:Infinity":2,"s:35:21:35:Infinity":11,"b:36:4:38:Infinity:undefined:undefined:undefined:undefined":3,"s:36:4:38:Infinity":12,"s:37:6:37:Infinity":13,"s:40:21:42:Infinity":14,"b:43:4:52:Infinity:50:11:52:Infinity":4,"s:43:4:52:Infinity":15,"s:44:6:44:Infinity":16,"s:45:6:49:Infinity":17,"s:46:8:46:Infinity":18,"s:51:6:51:Infinity":19},"fnNames":{}}}
,"D:\\Code\\p\\vscode-sftp\\src\\commands\\commandOpenSshConnection.ts": {"path":"D:\\Code\\p\\vscode-sftp\\src\\commands\\commandOpenSshConnection.ts","statementMap":{"0":{"start":{"line":8,"column":18},"end":{"line":8,"column":null}},"1":{"start":{"line":11,"column":2},"end":{"line":11,"column":null}},"2":{"start":{"line":15,"column":2},"end":{"line":15,"column":null}},"3":{"start":{"line":19,"column":2},"end":{"line":21,"column":null}},"4":{"start":{"line":20,"column":4},"end":{"line":20,"column":null}},"5":{"start":{"line":24,"column":2},"end":{"line":24,"column":null}},"6":{"start":{"line":31,"column":15},"end":{"line":31,"column":null}},"7":{"start":{"line":32,"column":2},"end":{"line":34,"column":null}},"8":{"start":{"line":33,"column":4},"end":{"line":33,"column":null}},"9":{"start":{"line":36,"column":2},"end":{"line":36,"column":null}},"10":{"start":{"line":44,"column":4},"end":{"line":75,"column":null}},"11":{"start":{"line":45,"column":6},"end":{"line":45,"column":null}},"12":{"start":{"line":46,"column":6},"end":{"line":48,"column":null}},"13":{"start":{"line":47,"column":8},"end":{"line":47,"column":null}},"14":{"start":{"line":50,"column":26},"end":{"line":62,"column":null}},"15":{"start":{"line":53,"column":23},"end":{"line":53,"column":null}},"16":{"start":{"line":54,"column":8},"end":{"line":60,"column":null}},"17":{"start":{"line":55,"column":10},"end":{"line":59,"column":null}},"18":{"start":{"line":61,"column":8},"end":{"line":61,"column":null}},"19":{"start":{"line":63,"column":6},"end":{"line":65,"column":null}},"20":{"start":{"line":64,"column":8},"end":{"line":64,"column":null}},"21":{"start":{"line":67,"column":19},"end":{"line":69,"column":null}},"22":{"start":{"line":70,"column":6},"end":{"line":72,"column":null}},"23":{"start":{"line":71,"column":8},"end":{"line":71,"column":null}},"24":{"start":{"line":74,"column":6},"end":{"line":74,"column":null}},"25":{"start":{"line":77,"column":22},"end":{"line":81,"column":null}},"26":{"start":{"line":82,"column":21},"end":{"line":82,"column":null}},"27":{"start":{"line":84,"column":4},"end":{"line":90,"column":null}},"28":{"start":{"line":85,"column":6},"end":{"line":85,"column":null}},"29":{"start":{"line":86,"column":11},"end":{"line":90,"column":null}},"30":{"start":{"line":87,"column":6},"end":{"line":87,"column":null}},"31":{"start":{"line":89,"column":6},"end":{"line":89,"column":null}},"32":{"start":{"line":92,"column":4},"end":{"line":99,"column":null}},"33":{"start":{"line":93,"column":6},"end":{"line":98,"column":null}},"34":{"start":{"line":101,"column":4},"end":{"line":101,"column":null}},"35":{"start":{"line":102,"column":4},"end":{"line":102,"column":null}}},"fnMap":{"0":{"name":"shouldUseAgent","decl":{"start":{"line":10,"column":9},"end":{"line":10,"column":24}},"loc":{"start":{"line":10,"column":32},"end":{"line":12,"column":null}},"line":10},"1":{"name":"shouldUseKey","decl":{"start":{"line":14,"column":9},"end":{"line":14,"column":22}},"loc":{"start":{"line":14,"column":30},"end":{"line":16,"column":null}},"line":14},"2":{"name":"adaptPath","decl":{"start":{"line":18,"column":9},"end":{"line":18,"column":19}},"loc":{"start":{"line":18,"column":29},"end":{"line":25,"column":null}},"line":18},"3":{"name":"getSshCommand","decl":{"start":{"line":27,"column":9},"end":{"line":27,"column":null}},"loc":{"start":{"line":30,"column":2},"end":{"line":37,"column":null}},"line":30},"4":{"name":"handleCommand","decl":{"start":{"line":42,"column":8},"end":{"line":42,"column":22}},"loc":{"start":{"line":42,"column":50},"end":{"line":103,"column":null}},"line":42},"5":{"name":"(anonymous_5)","decl":{"start":{"line":50,"column":46},"end":{"line":50,"column":null}},"loc":{"start":{"line":52,"column":33},"end":{"line":62,"column":9}},"line":52}},"branchMap":{"0":{"loc":{"start":{"line":11,"column":9},"end":{"line":11,"column":null}},"type":"binary-expr","locations":[{"start":{"line":11,"column":9},"end":{"line":11,"column":45}},{"start":{"line":11,"column":45},"end":{"line":11,"column":null}}],"line":11},"1":{"loc":{"start":{"line":15,"column":9},"end":{"line":15,"column":null}},"type":"binary-expr","locations":[{"start":{"line":15,"column":9},"end":{"line":15,"column":54}},{"start":{"line":15,"column":54},"end":{"line":15,"column":null}}],"line":15},"2":{"loc":{"start":{"line":19,"column":2},"end":{"line":21,"column":null}},"type":"if","locations":[{"start":{"line":19,"column":2},"end":{"line":21,"column":null}},{"start":{},"end":{}}],"line":19},"3":{"loc":{"start":{"line":32,"column":2},"end":{"line":34,"column":null}},"type":"if","locations":[{"start":{"line":32,"column":2},"end":{"line":34,"column":null}},{"start":{},"end":{}}],"line":32},"4":{"loc":{"start":{"line":44,"column":4},"end":{"line":75,"column":null}},"type":"if","locations":[{"start":{"line":44,"column":4},"end":{"line":75,"column":null}},{"start":{"line":49,"column":11},"end":{"line":75,"column":null}}],"line":44},"5":{"loc":{"start":{"line":44,"column":8},"end":{"line":44,"column":52}},"type":"binary-expr","locations":[{"start":{"line":44,"column":8},"end":{"line":44,"column":23}},{"start":{"line":44,"column":23},"end":{"line":44,"column":52}}],"line":44},"6":{"loc":{"start":{"line":46,"column":6},"end":{"line":48,"column":null}},"type":"if","locations":[{"start":{"line":46,"column":6},"end":{"line":48,"column":null}},{"start":{},"end":{}}],"line":46},"7":{"loc":{"start":{"line":54,"column":8},"end":{"line":60,"column":null}},"type":"if","locations":[{"start":{"line":54,"column":8},"end":{"line":60,"column":null}},{"start":{},"end":{}}],"line":54},"8":{"loc":{"start":{"line":56,"column":19},"end":{"line":56,"column":null}},"type":"binary-expr","locations":[{"start":{"line":56,"column":19},"end":{"line":56,"column":34}},{"start":{"line":56,"column":34},"end":{"line":56,"column":null}}],"line":56},"9":{"loc":{"start":{"line":63,"column":6},"end":{"line":65,"column":null}},"type":"if","locations":[{"start":{"line":63,"column":6},"end":{"line":65,"column":null}},{"start":{},"end":{}}],"line":63},"10":{"loc":{"start":{"line":70,"column":6},"end":{"line":72,"column":null}},"type":"if","locations":[{"start":{"line":70,"column":6},"end":{"line":72,"column":null}},{"start":{},"end":{}}],"line":70},"11":{"loc":{"start":{"line":84,"column":4},"end":{"line":90,"column":null}},"type":"if","locations":[{"start":{"line":84,"column":4},"end":{"line":90,"column":null}},{"start":{"line":86,"column":11},"end":{"line":90,"column":null}}],"line":84},"12":{"loc":{"start":{"line":86,"column":11},"end":{"line":90,"column":null}},"type":"if","locations":[{"start":{"line":86,"column":11},"end":{"line":90,"column":null}},{"start":{"line":88,"column":11},"end":{"line":90,"column":null}}],"line":86},"13":{"loc":{"start":{"line":92,"column":4},"end":{"line":99,"column":null}},"type":"if","locations":[{"start":{"line":92,"column":4},"end":{"line":99,"column":null}},{"start":{},"end":{}}],"line":92}},"s":{"0":0,"1":0,"2":0,"3":0,"4":0,"5":0,"6":0,"7":0,"8":0,"9":0,"10":0,"11":0,"12":0,"13":0,"14":0,"15":0,"16":0,"17":0,"18":0,"19":0,"20":0,"21":0,"22":0,"23":0,"24":0,"25":0,"26":0,"27":0,"28":0,"29":0,"30":0,"31":0,"32":0,"33":0,"34":0,"35":0},"f":{"0":0,"1":0,"2":0,"3":0,"4":0,"5":0},"b":{"0":[0,0],"1":[0,0],"2":[0,0],"3":[0,0],"4":[0,0],"5":[0,0],"6":[0,0],"7":[0,0],"8":[0,0],"9":[0,0],"10":[0,0],"11":[0,0],"12":[0,0],"13":[0,0]},"meta":{"lastBranch":14,"lastFunction":6,"lastStatement":36,"seen":{"s:8:18:8:Infinity":0,"f:10:9:10:24":0,"s:11:2:11:Infinity":1,"b:11:9:11:45:11:45:11:Infinity":0,"f:14:9:14:22":1,"s:15:2:15:Infinity":2,"b:15:9:15:54:15:54:15:Infinity":1,"f:18:9:18:19":2,"b:19:2:21:Infinity:undefined:undefined:undefined:undefined":2,"s:19:2:21:Infinity":3,"s:20:4:20:Infinity":4,"s:24:2:24:Infinity":5,"f:27:9:27:Infinity":3,"s:31:15:31:Infinity":6,"b:32:2:34:Infinity:undefined:undefined:undefined:undefined":3,"s:32:2:34:Infinity":7,"s:33:4:33:Infinity":8,"s:36:2:36:Infinity":9,"f:42:8:42:22":4,"b:44:4:75:Infinity:49:11:75:Infinity":4,"s:44:4:75:Infinity":10,"b:44:8:44:23:44:23:44:52":5,"s:45:6:45:Infinity":11,"b:46:6:48:Infinity:undefined:undefined:undefined:undefined":6,"s:46:6:48:Infinity":12,"s:47:8:47:Infinity":13,"s:50:26:62:Infinity":14,"f:50:46:50:Infinity":5,"s:53:23:53:Infinity":15,"b:54:8:60:Infinity:undefined:undefined:undefined:undefined":7,"s:54:8:60:Infinity":16,"s:55:10:59:Infinity":17,"b:56:19:56:34:56:34:56:Infinity":8,"s:61:8:61:Infinity":18,"b:63:6:65:Infinity:undefined:undefined:undefined:undefined":9,"s:63:6:65:Infinity":19,"s:64:8:64:Infinity":20,"s:67:19:69:Infinity":21,"b:70:6:72:Infinity:undefined:undefined:undefined:undefined":10,"s:70:6:72:Infinity":22,"s:71:8:71:Infinity":23,"s:74:6:74:Infinity":24,"s:77:22:81:Infinity":25,"s:82:21:82:Infinity":26,"b:84:4:90:Infinity:86:11:90:Infinity":11,"s:84:4:90:Infinity":27,"s:85:6:85:Infinity":28,"b:86:11:90:Infinity:88:11:90:Infinity":12,"s:86:11:90:Infinity":29,"s:87:6:87:Infinity":30,"s:89:6:89:Infinity":31,"b:92:4:99:Infinity:undefined:undefined:undefined:undefined":13,"s:92:4:99:Infinity":32,"s:93:6:98:Infinity":33,"s:101:4:101:Infinity":34,"s:102:4:102:Infinity":35},"fnNames":{}}}
,"D:\\Code\\p\\vscode-sftp\\src\\commands\\commandSetProfile.ts": {"path":"D:\\Code\\p\\vscode-sftp\\src\\commands\\commandSetProfile.ts","statementMap":{"0":{"start":{"line":13,"column":21},"end":{"line":35,"column":null}},"1":{"start":{"line":17,"column":8},"end":{"line":19,"column":null}},"2":{"start":{"line":18,"column":10},"end":{"line":18,"column":null}},"3":{"start":{"line":21,"column":8},"end":{"line":26,"column":null}},"4":{"start":{"line":22,"column":10},"end":{"line":25,"column":null}},"5":{"start":{"line":27,"column":8},"end":{"line":27,"column":null}},"6":{"start":{"line":37,"column":4},"end":{"line":40,"column":null}},"7":{"start":{"line":38,"column":6},"end":{"line":38,"column":null}},"8":{"start":{"line":39,"column":6},"end":{"line":39,"column":null}},"9":{"start":{"line":42,"column":4},"end":{"line":51,"column":null}},"10":{"start":{"line":43,"column":20},"end":{"line":43,"column":null}},"11":{"start":{"line":43,"column":44},"end":{"line":43,"column":70}},"12":{"start":{"line":44,"column":6},"end":{"line":49,"column":null}},"13":{"start":{"line":45,"column":8},"end":{"line":45,"column":null}},"14":{"start":{"line":47,"column":8},"end":{"line":47,"column":null}},"15":{"start":{"line":48,"column":8},"end":{"line":48,"column":null}},"16":{"start":{"line":50,"column":6},"end":{"line":50,"column":null}},"17":{"start":{"line":53,"column":17},"end":{"line":53,"column":null}},"18":{"start":{"line":54,"column":4},"end":{"line":54,"column":null}},"19":{"start":{"line":54,"column":28},"end":{"line":54,"column":null}},"20":{"start":{"line":55,"column":4},"end":{"line":55,"column":null}}},"fnMap":{"0":{"name":"handleCommand","decl":{"start":{"line":12,"column":8},"end":{"line":12,"column":22}},"loc":{"start":{"line":12,"column":38},"end":{"line":56,"column":null}},"line":12},"1":{"name":"(anonymous_1)","decl":{"start":{"line":13,"column":41},"end":{"line":13,"column":null}},"loc":{"start":{"line":16,"column":24},"end":{"line":28,"column":null}},"line":16},"2":{"name":"(anonymous_2)","decl":{"start":{"line":21,"column":39},"end":{"line":21,"column":47}},"loc":{"start":{"line":21,"column":58},"end":{"line":26,"column":9}},"line":21},"3":{"name":"(anonymous_3)","decl":{"start":{"line":43,"column":29},"end":{"line":43,"column":39}},"loc":{"start":{"line":43,"column":44},"end":{"line":43,"column":70}},"line":43}},"branchMap":{"0":{"loc":{"start":{"line":17,"column":8},"end":{"line":19,"column":null}},"type":"if","locations":[{"start":{"line":17,"column":8},"end":{"line":19,"column":null}},{"start":{},"end":{}}],"line":17},"1":{"loc":{"start":{"line":24,"column":19},"end":{"line":24,"column":null}},"type":"cond-expr","locations":[{"start":{"line":24,"column":51},"end":{"line":24,"column":75}},{"start":{"line":24,"column":75},"end":{"line":24,"column":null}}],"line":24},"2":{"loc":{"start":{"line":37,"column":4},"end":{"line":40,"column":null}},"type":"if","locations":[{"start":{"line":37,"column":4},"end":{"line":40,"column":null}},{"start":{},"end":{}}],"line":37},"3":{"loc":{"start":{"line":42,"column":4},"end":{"line":51,"column":null}},"type":"if","locations":[{"start":{"line":42,"column":4},"end":{"line":51,"column":null}},{"start":{},"end":{}}],"line":42},"4":{"loc":{"start":{"line":44,"column":6},"end":{"line":49,"column":null}},"type":"if","locations":[{"start":{"line":44,"column":6},"end":{"line":49,"column":null}},{"start":{"line":46,"column":13},"end":{"line":49,"column":null}}],"line":44},"5":{"loc":{"start":{"line":54,"column":4},"end":{"line":54,"column":null}},"type":"if","locations":[{"start":{"line":54,"column":4},"end":{"line":54,"column":null}},{"start":{},"end":{}}],"line":54}},"s":{"0":0,"1":0,"2":0,"3":0,"4":0,"5":0,"6":0,"7":0,"8":0,"9":0,"10":0,"11":0,"12":0,"13":0,"14":0,"15":0,"16":0,"17":0,"18":0,"19":0,"20":0},"f":{"0":0,"1":0,"2":0,"3":0},"b":{"0":[0,0],"1":[0,0],"2":[0,0],"3":[0,0],"4":[0,0],"5":[0,0]},"meta":{"lastBranch":6,"lastFunction":4,"lastStatement":21,"seen":{"f:12:8:12:22":0,"s:13:21:35:Infinity":0,"f:13:41:13:Infinity":1,"b:17:8:19:Infinity:undefined:undefined:undefined:undefined":0,"s:17:8:19:Infinity":1,"s:18:10:18:Infinity":2,"s:21:8:26:Infinity":3,"f:21:39:21:47":2,"s:22:10:25:Infinity":4,"b:24:51:24:75:24:75:24:Infinity":1,"s:27:8:27:Infinity":5,"b:37:4:40:Infinity:undefined:undefined:undefined:undefined":2,"s:37:4:40:Infinity":6,"s:38:6:38:Infinity":7,"s:39:6:39:Infinity":8,"b:42:4:51:Infinity:undefined:undefined:undefined:undefined":3,"s:42:4:51:Infinity":9,"s:43:20:43:Infinity":10,"f:43:29:43:39":3,"s:43:44:43:70":11,"b:44:6:49:Infinity:46:13:49:Infinity":4,"s:44:6:49:Infinity":12,"s:45:8:45:Infinity":13,"s:47:8:47:Infinity":14,"s:48:8:48:Infinity":15,"s:50:6:50:Infinity":16,"s:53:17:53:Infinity":17,"b:54:4:54:Infinity:undefined:undefined:undefined:undefined":5,"s:54:4:54:Infinity":18,"s:54:28:54:Infinity":19,"s:55:4:55:Infinity":20},"fnNames":{}}}
,"D:\\Code\\p\\vscode-sftp\\src\\commands\\commandToggleOutputPanel.ts": {"path":"D:\\Code\\p\\vscode-sftp\\src\\commands\\commandToggleOutputPanel.ts","statementMap":{"0":{"start":{"line":9,"column":4},"end":{"line":9,"column":null}}},"fnMap":{"0":{"name":"handleCommand","decl":{"start":{"line":8,"column":2},"end":{"line":8,"column":18}},"loc":{"start":{"line":8,"column":18},"end":{"line":10,"column":null}},"line":8}},"branchMap":{},"s":{"0":0},"f":{"0":0},"b":{},"meta":{"lastBranch":0,"lastFunction":1,"lastStatement":1,"seen":{"f:8:2:8:18":0,"s:9:4:9:Infinity":0},"fnNames":{}}}
,"D:\\Code\\p\\vscode-sftp\\src\\commands\\commandUploadChangedFiles.ts": {"path":"D:\\Code\\p\\vscode-sftp\\src\\commands\\commandUploadChangedFiles.ts","statementMap":{"0":{"start":{"line":15,"column":4},"end":{"line":15,"column":null}},"1":{"start":{"line":34,"column":2},"end":{"line":34,"column":null}},"2":{"start":{"line":38,"column":2},"end":{"line":38,"column":null}},"3":{"start":{"line":44,"column":14},"end":{"line":44,"column":28}},"4":{"start":{"line":46,"column":2},"end":{"line":53,"column":null}},"5":{"start":{"line":47,"column":4},"end":{"line":47,"column":null}},"6":{"start":{"line":48,"column":9},"end":{"line":53,"column":null}},"7":{"start":{"line":49,"column":4},"end":{"line":49,"column":null}},"8":{"start":{"line":49,"column":47},"end":{"line":49,"column":63}},"9":{"start":{"line":50,"column":4},"end":{"line":50,"column":null}},"10":{"start":{"line":51,"column":9},"end":{"line":53,"column":null}},"11":{"start":{"line":52,"column":4},"end":{"line":52,"column":null}},"12":{"start":{"line":52,"column":47},"end":{"line":52,"column":63}},"13":{"start":{"line":55,"column":2},"end":{"line":57,"column":null}},"14":{"start":{"line":56,"column":4},"end":{"line":56,"column":null}},"15":{"start":{"line":60,"column":2},"end":{"line":66,"column":null}},"16":{"start":{"line":61,"column":4},"end":{"line":61,"column":null}},"17":{"start":{"line":62,"column":9},"end":{"line":66,"column":null}},"18":{"start":{"line":63,"column":4},"end":{"line":63,"column":null}},"19":{"start":{"line":65,"column":4},"end":{"line":65,"column":null}},"20":{"start":{"line":68,"column":28},"end":{"line":68,"column":null}},"21":{"start":{"line":69,"column":28},"end":{"line":69,"column":null}},"22":{"start":{"line":70,"column":28},"end":{"line":70,"column":null}},"23":{"start":{"line":71,"column":28},"end":{"line":71,"column":null}},"24":{"start":{"line":72,"column":2},"end":{"line":100,"column":null}},"25":{"start":{"line":73,"column":4},"end":{"line":75,"column":null}},"26":{"start":{"line":74,"column":6},"end":{"line":74,"column":null}},"27":{"start":{"line":81,"column":2},"end":{"line":99,"column":null}},"28":{"start":{"line":84,"column":8},"end":{"line":84,"column":null}},"29":{"start":{"line":85,"column":8},"end":{"line":85,"column":null}},"30":{"start":{"line":88,"column":8},"end":{"line":88,"column":null}},"31":{"start":{"line":89,"column":8},"end":{"line":89,"column":null}},"32":{"start":{"line":91,"column":8},"end":{"line":91,"column":null}},"33":{"start":{"line":92,"column":8},"end":{"line":92,"column":null}},"34":{"start":{"line":95,"column":8},"end":{"line":95,"column":null}},"35":{"start":{"line":96,"column":8},"end":{"line":96,"column":null}},"36":{"start":{"line":98,"column":8},"end":{"line":98,"column":null}},"37":{"start":{"line":102,"column":2},"end":{"line":108,"column":null}},"38":{"start":{"line":103,"column":4},"end":{"line":107,"column":null}},"39":{"start":{"line":104,"column":6},"end":{"line":104,"column":null}},"40":{"start":{"line":106,"column":6},"end":{"line":106,"column":null}},"41":{"start":{"line":109,"column":2},"end":{"line":117,"column":null}},"42":{"start":{"line":111,"column":6},"end":{"line":115,"column":null}},"43":{"start":{"line":112,"column":8},"end":{"line":112,"column":null}},"44":{"start":{"line":114,"column":8},"end":{"line":114,"column":null}},"45":{"start":{"line":118,"column":2},"end":{"line":124,"column":null}},"46":{"start":{"line":119,"column":4},"end":{"line":123,"column":null}},"47":{"start":{"line":120,"column":6},"end":{"line":120,"column":null}},"48":{"start":{"line":122,"column":6},"end":{"line":122,"column":null}},"49":{"start":{"line":126,"column":2},"end":{"line":126,"column":null}},"50":{"start":{"line":127,"column":2},"end":{"line":127,"column":null}},"51":{"start":{"line":128,"column":2},"end":{"line":128,"column":null}},"52":{"start":{"line":128,"column":38},"end":{"line":128,"column":64}},"53":{"start":{"line":129,"column":2},"end":{"line":129,"column":null}},"54":{"start":{"line":129,"column":38},"end":{"line":129,"column":64}},"55":{"start":{"line":130,"column":2},"end":{"line":134,"column":null}},"56":{"start":{"line":133,"column":9},"end":{"line":133,"column":null}},"57":{"start":{"line":135,"column":2},"end":{"line":135,"column":null}},"58":{"start":{"line":135,"column":39},"end":{"line":135,"column":65}},"59":{"start":{"line":139,"column":2},"end":{"line":141,"column":null}},"60":{"start":{"line":140,"column":4},"end":{"line":140,"column":null}},"61":{"start":{"line":143,"column":2},"end":{"line":143,"column":null}},"62":{"start":{"line":144,"column":2},"end":{"line":144,"column":null}},"63":{"start":{"line":144,"column":29},"end":{"line":144,"column":42}},"64":{"start":{"line":145,"column":2},"end":{"line":145,"column":null}},"65":{"start":{"line":149,"column":2},"end":{"line":151,"column":null}},"66":{"start":{"line":150,"column":4},"end":{"line":150,"column":null}},"67":{"start":{"line":153,"column":2},"end":{"line":155,"column":null}},"68":{"start":{"line":154,"column":4},"end":{"line":154,"column":null}},"69":{"start":{"line":157,"column":16},"end":{"line":166,"column":null}},"70":{"start":{"line":158,"column":18},"end":{"line":158,"column":null}},"71":{"start":{"line":159,"column":24},"end":{"line":159,"column":null}},"72":{"start":{"line":161,"column":4},"end":{"line":165,"column":null}},"73":{"start":{"line":168,"column":15},"end":{"line":168,"column":null}},"74":{"start":{"line":170,"column":2},"end":{"line":170,"column":null}}},"fnMap":{"0":{"name":"handleCommand","decl":{"start":{"line":14,"column":8},"end":{"line":14,"column":22}},"loc":{"start":{"line":14,"column":33},"end":{"line":30,"column":null}},"line":14},"1":{"name":"isRepository","decl":{"start":{"line":33,"column":9},"end":{"line":33,"column":22}},"loc":{"start":{"line":33,"column":57},"end":{"line":35,"column":null}},"line":33},"2":{"name":"isSourceControlResourceGroup","decl":{"start":{"line":37,"column":9},"end":{"line":37,"column":38}},"loc":{"start":{"line":37,"column":96},"end":{"line":39,"column":null}},"line":37},"3":{"name":"handleCommand_2","decl":{"start":{"line":41,"column":15},"end":{"line":41,"column":29}},"loc":{"start":{"line":41,"column":40},"end":{"line":136,"column":null}},"line":41},"4":{"name":"(anonymous_4)","decl":{"start":{"line":49,"column":34},"end":{"line":49,"column":39}},"loc":{"start":{"line":49,"column":47},"end":{"line":49,"column":63}},"line":49},"5":{"name":"(anonymous_5)","decl":{"start":{"line":52,"column":34},"end":{"line":52,"column":39}},"loc":{"start":{"line":52,"column":47},"end":{"line":52,"column":63}},"line":52},"6":{"name":"(anonymous_6)","decl":{"start":{"line":102,"column":44},"end":{"line":102,"column":48}},"loc":{"start":{"line":102,"column":58},"end":{"line":108,"column":3}},"line":102},"7":{"name":"(anonymous_7)","decl":{"start":{"line":110,"column":12},"end":{"line":110,"column":16}},"loc":{"start":{"line":110,"column":26},"end":{"line":116,"column":5}},"line":110},"8":{"name":"(anonymous_8)","decl":{"start":{"line":118,"column":28},"end":{"line":118,"column":32}},"loc":{"start":{"line":118,"column":42},"end":{"line":124,"column":3}},"line":118},"9":{"name":"(anonymous_9)","decl":{"start":{"line":128,"column":24},"end":{"line":128,"column":33}},"loc":{"start":{"line":128,"column":38},"end":{"line":128,"column":64}},"line":128},"10":{"name":"(anonymous_10)","decl":{"start":{"line":129,"column":24},"end":{"line":129,"column":33}},"loc":{"start":{"line":129,"column":38},"end":{"line":129,"column":64}},"line":129},"11":{"name":"(anonymous_11)","decl":{"start":{"line":132,"column":4},"end":{"line":132,"column":null}},"loc":{"start":{"line":133,"column":9},"end":{"line":133,"column":null}},"line":133},"12":{"name":"(anonymous_12)","decl":{"start":{"line":135,"column":25},"end":{"line":135,"column":34}},"loc":{"start":{"line":135,"column":39},"end":{"line":135,"column":65}},"line":135},"13":{"name":"outputGroup","decl":{"start":{"line":138,"column":9},"end":{"line":138,"column":24}},"loc":{"start":{"line":138,"column":81},"end":{"line":146,"column":null}},"line":138},"14":{"name":"(anonymous_14)","decl":{"start":{"line":144,"column":20},"end":{"line":144,"column":24}},"loc":{"start":{"line":144,"column":29},"end":{"line":144,"column":42}},"line":144},"15":{"name":"getRepository","decl":{"start":{"line":148,"column":15},"end":{"line":148,"column":29}},"loc":{"start":{"line":148,"column":75},"end":{"line":171,"column":null}},"line":148},"16":{"name":"(anonymous_16)","decl":{"start":{"line":157,"column":33},"end":{"line":157,"column":37}},"loc":{"start":{"line":157,"column":45},"end":{"line":166,"column":3}},"line":157}},"branchMap":{"0":{"loc":{"start":{"line":38,"column":9},"end":{"line":38,"column":null}},"type":"binary-expr","locations":[{"start":{"line":38,"column":9},"end":{"line":38,"column":27}},{"start":{"line":38,"column":27},"end":{"line":38,"column":null}}],"line":38},"1":{"loc":{"start":{"line":46,"column":2},"end":{"line":53,"column":null}},"type":"if","locations":[{"start":{"line":46,"column":2},"end":{"line":53,"column":null}},{"start":{"line":48,"column":9},"end":{"line":53,"column":null}}],"line":46},"2":{"loc":{"start":{"line":48,"column":9},"end":{"line":53,"column":null}},"type":"if","locations":[{"start":{"line":48,"column":9},"end":{"line":53,"column":null}},{"start":{"line":51,"column":9},"end":{"line":53,"column":null}}],"line":48},"3":{"loc":{"start":{"line":51,"column":9},"end":{"line":53,"column":null}},"type":"if","locations":[{"start":{"line":51,"column":9},"end":{"line":53,"column":null}},{"start":{},"end":{}}],"line":51},"4":{"loc":{"start":{"line":55,"column":2},"end":{"line":57,"column":null}},"type":"if","locations":[{"start":{"line":55,"column":2},"end":{"line":57,"column":null}},{"start":{},"end":{}}],"line":55},"5":{"loc":{"start":{"line":60,"column":2},"end":{"line":66,"column":null}},"type":"if","locations":[{"start":{"line":60,"column":2},"end":{"line":66,"column":null}},{"start":{"line":62,"column":9},"end":{"line":66,"column":null}}],"line":60},"6":{"loc":{"start":{"line":62,"column":9},"end":{"line":66,"column":null}},"type":"if","locations":[{"start":{"line":62,"column":9},"end":{"line":66,"column":null}},{"start":{"line":64,"column":9},"end":{"line":66,"column":null}}],"line":62},"7":{"loc":{"start":{"line":73,"column":4},"end":{"line":75,"column":null}},"type":"if","locations":[{"start":{"line":73,"column":4},"end":{"line":75,"column":null}},{"start":{},"end":{}}],"line":73},"8":{"loc":{"start":{"line":81,"column":2},"end":{"line":99,"column":null}},"type":"switch","locations":[{"start":{"line":82,"column":6},"end":{"line":82,"column":null}},{"start":{"line":83,"column":6},"end":{"line":85,"column":null}},{"start":{"line":86,"column":6},"end":{"line":86,"column":null}},{"start":{"line":87,"column":6},"end":{"line":89,"column":null}},{"start":{"line":90,"column":6},"end":{"line":92,"column":null}},{"start":{"line":93,"column":6},"end":{"line":93,"column":null}},{"start":{"line":94,"column":6},"end":{"line":96,"column":null}},{"start":{"line":97,"column":6},"end":{"line":98,"column":null}}],"line":81},"9":{"loc":{"start":{"line":139,"column":2},"end":{"line":141,"column":null}},"type":"if","locations":[{"start":{"line":139,"column":2},"end":{"line":141,"column":null}},{"start":{},"end":{}}],"line":139},"10":{"loc":{"start":{"line":149,"column":2},"end":{"line":151,"column":null}},"type":"if","locations":[{"start":{"line":149,"column":2},"end":{"line":151,"column":null}},{"start":{},"end":{}}],"line":149},"11":{"loc":{"start":{"line":153,"column":2},"end":{"line":155,"column":null}},"type":"if","locations":[{"start":{"line":153,"column":2},"end":{"line":155,"column":null}},{"start":{},"end":{}}],"line":153},"12":{"loc":{"start":{"line":159,"column":24},"end":{"line":159,"column":null}},"type":"cond-expr","locations":[{"start":{"line":159,"column":42},"end":{"line":159,"column":65}},{"start":{"line":159,"column":65},"end":{"line":159,"column":null}}],"line":159},"13":{"loc":{"start":{"line":170,"column":9},"end":{"line":170,"column":null}},"type":"binary-expr","locations":[{"start":{"line":170,"column":9},"end":{"line":170,"column":17}},{"start":{"line":170,"column":17},"end":{"line":170,"column":null}}],"line":170}},"s":{"0":0,"1":0,"2":0,"3":0,"4":0,"5":0,"6":0,"7":0,"8":0,"9":0,"10":0,"11":0,"12":0,"13":0,"14":0,"15":0,"16":0,"17":0,"18":0,"19":0,"20":0,"21":0,"22":0,"23":0,"24":0,"25":0,"26":0,"27":0,"28":0,"29":0,"30":0,"31":0,"32":0,"33":0,"34":0,"35":0,"36":0,"37":0,"38":0,"39":0,"40":0,"41":0,"42":0,"43":0,"44":0,"45":0,"46":0,"47":0,"48":0,"49":0,"50":0,"51":0,"52":0,"53":0,"54":0,"55":0,"56":0,"57":0,"58":0,"59":0,"60":0,"61":0,"62":0,"63":0,"64":0,"65":0,"66":0,"67":0,"68":0,"69":0,"70":0,"71":0,"72":0,"73":0,"74":0},"f":{"0":0,"1":0,"2":0,"3":0,"4":0,"5":0,"6":0,"7":0,"8":0,"9":0,"10":0,"11":0,"12":0,"13":0,"14":0,"15":0,"16":0},"b":{"0":[0,0],"1":[0,0],"2":[0,0],"3":[0,0],"4":[0,0],"5":[0,0],"6":[0,0],"7":[0,0],"8":[0,0,0,0,0,0,0,0],"9":[0,0],"10":[0,0],"11":[0,0],"12":[0,0],"13":[0,0]},"meta":{"lastBranch":14,"lastFunction":17,"lastStatement":75,"seen":{"f:14:8:14:22":0,"s:15:4:15:Infinity":0,"f:33:9:33:22":1,"s:34:2:34:Infinity":1,"f:37:9:37:38":2,"s:38:2:38:Infinity":2,"b:38:9:38:27:38:27:38:Infinity":0,"f:41:15:41:29":3,"s:44:14:44:28":3,"b:46:2:53:Infinity:48:9:53:Infinity":1,"s:46:2:53:Infinity":4,"s:47:4:47:Infinity":5,"b:48:9:53:Infinity:51:9:53:Infinity":2,"s:48:9:53:Infinity":6,"s:49:4:49:Infinity":7,"f:49:34:49:39":4,"s:49:47:49:63":8,"s:50:4:50:Infinity":9,"b:51:9:53:Infinity:undefined:undefined:undefined:undefined":3,"s:51:9:53:Infinity":10,"s:52:4:52:Infinity":11,"f:52:34:52:39":5,"s:52:47:52:63":12,"b:55:2:57:Infinity:undefined:undefined:undefined:undefined":4,"s:55:2:57:Infinity":13,"s:56:4:56:Infinity":14,"b:60:2:66:Infinity:62:9:66:Infinity":5,"s:60:2:66:Infinity":15,"s:61:4:61:Infinity":16,"b:62:9:66:Infinity:64:9:66:Infinity":6,"s:62:9:66:Infinity":17,"s:63:4:63:Infinity":18,"s:65:4:65:Infinity":19,"s:68:28:68:Infinity":20,"s:69:28:69:Infinity":21,"s:70:28:70:Infinity":22,"s:71:28:71:Infinity":23,"s:72:2:100:Infinity":24,"b:73:4:75:Infinity:undefined:undefined:undefined:undefined":7,"s:73:4:75:Infinity":25,"s:74:6:74:Infinity":26,"b:82:6:82:Infinity:83:6:85:Infinity:86:6:86:Infinity:87:6:89:Infinity:90:6:92:Infinity:93:6:93:Infinity:94:6:96:Infinity:97:6:98:Infinity":8,"s:81:2:99:Infinity":27,"s:84:8:84:Infinity":28,"s:85:8:85:Infinity":29,"s:88:8:88:Infinity":30,"s:89:8:89:Infinity":31,"s:91:8:91:Infinity":32,"s:92:8:92:Infinity":33,"s:95:8:95:Infinity":34,"s:96:8:96:Infinity":35,"s:98:8:98:Infinity":36,"s:102:2:108:Infinity":37,"f:102:44:102:48":6,"s:103:4:107:Infinity":38,"s:104:6:104:Infinity":39,"s:106:6:106:Infinity":40,"s:109:2:117:Infinity":41,"f:110:12:110:16":7,"s:111:6:115:Infinity":42,"s:112:8:112:Infinity":43,"s:114:8:114:Infinity":44,"s:118:2:124:Infinity":45,"f:118:28:118:32":8,"s:119:4:123:Infinity":46,"s:120:6:120:Infinity":47,"s:122:6:122:Infinity":48,"s:126:2:126:Infinity":49,"s:127:2:127:Infinity":50,"s:128:2:128:Infinity":51,"f:128:24:128:33":9,"s:128:38:128:64":52,"s:129:2:129:Infinity":53,"f:129:24:129:33":10,"s:129:38:129:64":54,"s:130:2:134:Infinity":55,"f:132:4:132:Infinity":11,"s:133:9:133:Infinity":56,"s:135:2:135:Infinity":57,"f:135:25:135:34":12,"s:135:39:135:65":58,"f:138:9:138:24":13,"b:139:2:141:Infinity:undefined:undefined:undefined:undefined":9,"s:139:2:141:Infinity":59,"s:140:4:140:Infinity":60,"s:143:2:143:Infinity":61,"s:144:2:144:Infinity":62,"f:144:20:144:24":14,"s:144:29:144:42":63,"s:145:2:145:Infinity":64,"f:148:15:148:29":15,"b:149:2:151:Infinity:undefined:undefined:undefined:undefined":10,"s:149:2:151:Infinity":65,"s:150:4:150:Infinity":66,"b:153:2:155:Infinity:undefined:undefined:undefined:undefined":11,"s:153:2:155:Infinity":67,"s:154:4:154:Infinity":68,"s:157:16:166:Infinity":69,"f:157:33:157:37":16,"s:158:18:158:Infinity":70,"s:159:24:159:Infinity":71,"b:159:42:159:65:159:65:159:Infinity":12,"s:161:4:165:Infinity":72,"s:168:15:168:Infinity":73,"s:170:2:170:Infinity":74,"b:170:9:170:17:170:17:170:Infinity":13},"fnNames":{}}}
,"D:\\Code\\p\\vscode-sftp\\src\\commands\\fileCommandCreateFile.ts": {"path":"D:\\Code\\p\\vscode-sftp\\src\\commands\\fileCommandCreateFile.ts","statementMap":{"0":{"start":{"line":11,"column":20},"end":{"line":11,"column":null}},"1":{"start":{"line":13,"column":4},"end":{"line":15,"column":null}},"2":{"start":{"line":14,"column":6},"end":{"line":14,"column":null}},"3":{"start":{"line":20,"column":19},"end":{"line":23,"column":null}},"4":{"start":{"line":26,"column":4},"end":{"line":30,"column":null}},"5":{"start":{"line":29,"column":8},"end":{"line":29,"column":null}},"6":{"start":{"line":33,"column":4},"end":{"line":33,"column":null}}},"fnMap":{"0":{"name":"getFileTarget","decl":{"start":{"line":10,"column":8},"end":{"line":10,"column":22}},"loc":{"start":{"line":10,"column":35},"end":{"line":46,"column":null}},"line":10}},"branchMap":{"0":{"loc":{"start":{"line":13,"column":4},"end":{"line":15,"column":null}},"type":"if","locations":[{"start":{"line":13,"column":4},"end":{"line":15,"column":null}},{"start":{},"end":{}}],"line":13},"1":{"loc":{"start":{"line":26,"column":4},"end":{"line":30,"column":null}},"type":"if","locations":[{"start":{"line":26,"column":4},"end":{"line":30,"column":null}},{"start":{},"end":{}}],"line":26}},"s":{"0":0,"1":0,"2":0,"3":0,"4":0,"5":0,"6":0},"f":{"0":0},"b":{"0":[0,0],"1":[0,0]},"meta":{"lastBranch":2,"lastFunction":1,"lastStatement":7,"seen":{"f:10:8:10:22":0,"s:11:20:11:Infinity":0,"b:13:4:15:Infinity:undefined:undefined:undefined:undefined":0,"s:13:4:15:Infinity":1,"s:14:6:14:Infinity":2,"s:20:19:23:Infinity":3,"b:26:4:30:Infinity:undefined:undefined:undefined:undefined":1,"s:26:4:30:Infinity":4,"s:29:8:29:Infinity":5,"s:33:4:33:Infinity":6},"fnNames":{}}}
[...]
7,"s:122:6:122:Infinity":45,"s:123:6:123:Infinity":46,"s:125:4:125:Infinity":47,"f:128:2:128:13":20,"s:129:19:129:Infinity":48,"b:129:41:129:48:129:48:129:Infinity":8,"s:130:17:130:Infinity":49,"b:131:4:133:Infinity:undefined:undefined:undefined:undefined":9,"s:131:4:133:Infinity":50,"s:132:6:132:Infinity":51,"s:135:4:135:Infinity":52,"f:138:2:138:14":21,"s:139:19:139:Infinity":53,"b:139:41:139:48:139:48:139:Infinity":10,"s:140:17:140:Infinity":54,"b:141:4:143:Infinity:undefined:undefined:undefined:undefined":11,"s:141:4:143:Infinity":55,"s:142:6:142:Infinity":56,"f:146:2:146:17":22,"s:147:17:147:Infinity":57,"s:149:24:149:Infinity":58,"s:151:21:151:Infinity":59,"s:152:4:161:Infinity":60,"s:153:6:153:Infinity":61,"b:154:6:156:Infinity:undefined:undefined:undefined:undefined":12,"s:154:6:156:Infinity":62,"s:155:8:155:Infinity":63,"b:158:6:160:Infinity:undefined:undefined:undefined:undefined":13,"s:158:6:160:Infinity":64,"s:159:8:159:Infinity":65,"s:163:4:163:Infinity":66,"f:166:2:166:11":23,"s:167:27:167:Infinity":67,"b:168:4:170:Infinity:undefined:undefined:undefined:undefined":14,"s:168:4:170:Infinity":68,"s:169:6:169:Infinity":69,"s:172:22:172:Infinity":70,"b:173:4:175:Infinity:undefined:undefined:undefined:undefined":15,"s:173:4:175:Infinity":71,"s:174:6:174:Infinity":72,"s:176:4:176:Infinity":73,"f:179:2:179:22":24,"s:180:22:180:Infinity":74,"s:181:24:181:Infinity":75,"s:183:4:191:Infinity":76,"s:184:25:184:Infinity":77,"b:185:6:187:Infinity:undefined:undefined:undefined:undefined":16,"s:185:6:187:Infinity":78,"s:186:8:186:Infinity":79,"s:189:28:189:Infinity":80,"s:190:6:190:Infinity":81,"s:193:4:193:Infinity":82,"f:196:2:196:38":25,"s:197:22:197:Infinity":83,"s:198:24:198:Infinity":84,"s:200:4:208:Infinity":85,"s:201:25:201:Infinity":86,"b:202:6:207:Infinity:204:13:207:Infinity":17,"s:202:6:207:Infinity":87,"s:203:8:203:Infinity":88,"s:205:30:205:Infinity":89,"s:206:8:206:Infinity":90,"s:210:4:210:Infinity":91,"f:213:2:213:12":26,"s:214:24:214:Infinity":92,"b:215:4:217:Infinity:undefined:undefined:undefined:undefined":18,"s:215:4:217:Infinity":93,"s:216:6:216:Infinity":94,"b:218:4:220:Infinity:undefined:undefined:undefined:undefined":19,"s:218:4:220:Infinity":95,"s:219:6:219:Infinity":96,"s:221:4:221:Infinity":97},"fnNames":{}}}
,"D:\\Code\\p\\vscode-sftp\\src\\ui\\output.ts": {"path":"D:\\Code\\p\\vscode-sftp\\src\\ui\\output.ts","statementMap":{"0":{"start":{"line":8,"column":13},"end":{"line":8,"column":null}},"1":{"start":{"line":9,"column":22},"end":{"line":9,"column":null}},"2":{"start":{"line":12,"column":2},"end":{"line":12,"column":null}},"3":{"start":{"line":13,"column":2},"end":{"line":13,"column":null}},"4":{"start":{"line":14,"column":2},"end":{"line":14,"column":null}},"5":{"start":{"line":18,"column":2},"end":{"line":18,"column":null}},"6":{"start":{"line":19,"column":2},"end":{"line":19,"column":null}},"7":{"start":{"line":23,"column":2},"end":{"line":27,"column":null}},"8":{"start":{"line":24,"column":4},"end":{"line":24,"column":null}},"9":{"start":{"line":26,"column":4},"end":{"line":26,"column":null}},"10":{"start":{"line":31,"column":14},"end":{"line":45,"column":null}},"11":{"start":{"line":33,"column":6},"end":{"line":35,"column":null}},"12":{"start":{"line":34,"column":8},"end":{"line":34,"column":null}},"13":{"start":{"line":37,"column":6},"end":{"line":41,"column":null}},"14":{"start":{"line":38,"column":8},"end":{"line":38,"column":null}},"15":{"start":{"line":39,"column":13},"end":{"line":41,"column":null}},"16":{"start":{"line":40,"column":8},"end":{"line":40,"column":null}},"17":{"start":{"line":43,"column":6},"end":{"line":43,"column":null}},"18":{"start":{"line":47,"column":2},"end":{"line":47,"column":null}},"19":{"start":{"line":61,"column":18},"end":{"line":61,"column":38}},"20":{"start":{"line":62,"column":2},"end":{"line":62,"column":null}},"21":{"start":{"line":63,"column":2},"end":{"line":63,"column":null}},"22":{"start":{"line":63,"column":32},"end":{"line":63,"column":79}}},"fnMap":{"0":{"name":"show","decl":{"start":{"line":11,"column":16},"end":{"line":11,"column":23}},"loc":{"start":{"line":11,"column":23},"end":{"line":15,"column":null}},"line":11},"1":{"name":"hide","decl":{"start":{"line":17,"column":16},"end":{"line":17,"column":23}},"loc":{"start":{"line":17,"column":23},"end":{"line":20,"column":null}},"line":17},"2":{"name":"toggle","decl":{"start":{"line":22,"column":16},"end":{"line":22,"column":25}},"loc":{"start":{"line":22,"column":25},"end":{"line":28,"column":null}},"line":22},"3":{"name":"print","decl":{"start":{"line":30,"column":16},"end":{"line":30,"column":22}},"loc":{"start":{"line":30,"column":31},"end":{"line":48,"column":null}},"line":30},"4":{"name":"(anonymous_4)","decl":{"start":{"line":32,"column":5},"end":{"line":32,"column":9}},"loc":{"start":{"line":32,"column":16},"end":{"line":44,"column":5}},"line":32},"5":{"name":"installLogSink","decl":{"start":{"line":60,"column":16},"end":{"line":60,"column":33}},"loc":{"start":{"line":60,"column":33},"end":{"line":64,"column":null}},"line":60},"6":{"name":"(anonymous_6)","decl":{"start":{"line":63,"column":15},"end":{"line":63,"column":22}},"loc":{"start":{"line":63,"column":32},"end":{"line":63,"column":79}},"line":63}},"branchMap":{"0":{"loc":{"start":{"line":23,"column":2},"end":{"line":27,"column":null}},"type":"if","locations":[{"start":{"line":23,"column":2},"end":{"line":27,"column":null}},{"start":{"line":25,"column":9},"end":{"line":27,"column":null}}],"line":23},"1":{"loc":{"start":{"line":33,"column":6},"end":{"line":35,"column":null}},"type":"if","locations":[{"start":{"line":33,"column":6},"end":{"line":35,"column":null}},{"start":{},"end":{}}],"line":33},"2":{"loc":{"start":{"line":37,"column":6},"end":{"line":41,"column":null}},"type":"if","locations":[{"start":{"line":37,"column":6},"end":{"line":41,"column":null}},{"start":{"line":39,"column":13},"end":{"line":41,"column":null}}],"line":37},"3":{"loc":{"start":{"line":39,"column":13},"end":{"line":41,"column":null}},"type":"if","locations":[{"start":{"line":39,"column":13},"end":{"line":41,"column":null}},{"start":{},"end":{}}],"line":39},"4":{"loc":{"start":{"line":39,"column":17},"end":{"line":39,"column":72}},"type":"binary-expr","locations":[{"start":{"line":39,"column":17},"end":{"line":39,"column":34}},{"start":{"line":39,"column":34},"end":{"line":39,"column":72}}],"line":39},"5":{"loc":{"start":{"line":62,"column":14},"end":{"line":62,"column":71}},"type":"cond-expr","locations":[{"start":{"line":62,"column":55},"end":{"line":62,"column":65}},{"start":{"line":62,"column":65},"end":{"line":62,"column":71}}],"line":62},"6":{"loc":{"start":{"line":62,"column":14},"end":{"line":62,"column":55}},"type":"binary-expr","locations":[{"start":{"line":62,"column":14},"end":{"line":62,"column":31}},{"start":{"line":62,"column":31},"end":{"line":62,"column":55}}],"line":62}},"s":{"0":0,"1":0,"2":0,"3":0,"4":0,"5":0,"6":0,"7":0,"8":0,"9":0,"10":0,"11":0,"12":0,"13":0,"14":0,"15":0,"16":0,"17":0,"18":0,"19":0,"20":0,"21":0,"22":0},"f":{"0":0,"1":0,"2":0,"3":0,"4":0,"5":0,"6":0},"b":{"0":[0,0],"1":[0,0],"2":[0,0],"3":[0,0],"4":[0,0],"5":[0,0],"6":[0,0]},"meta":{"lastBranch":7,"lastFunction":7,"lastStatement":23,"seen":{"s:8:13:8:Infinity":0,"s:9:22:9:Infinity":1,"f:11:16:11:23":0,"s:12:2:12:Infinity":2,"s:13:2:13:Infinity":3,"s:14:2:14:Infinity":4,"f:17:16:17:23":1,"s:18:2:18:Infinity":5,"s:19:2:19:Infinity":6,"f:22:16:22:25":2,"b:23:2:27:Infinity:25:9:27:Infinity":0,"s:23:2:27:Infinity":7,"s:24:4:24:Infinity":8,"s:26:4:26:Infinity":9,"f:30:16:30:22":3,"s:31:14:45:Infinity":10,"f:32:5:32:9":4,"b:33:6:35:Infinity:undefined:undefined:undefined:undefined":1,"s:33:6:35:Infinity":11,"s:34:8:34:Infinity":12,"b:37:6:41:Infinity:39:13:41:Infinity":2,"s:37:6:41:Infinity":13,"s:38:8:38:Infinity":14,"b:39:13:41:Infinity:undefined:undefined:undefined:undefined":3,"s:39:13:41:Infinity":15,"b:39:17:39:34:39:34:39:72":4,"s:40:8:40:Infinity":16,"s:43:6:43:Infinity":17,"s:47:2:47:Infinity":18,"f:60:16:60:33":5,"s:61:18:61:38":19,"s:62:2:62:Infinity":20,"b:62:55:62:65:62:65:62:71":5,"b:62:14:62:31:62:31:62:55":6,"s:63:2:63:Infinity":21,"f:63:15:63:22":6,"s:63:32:63:79":22},"fnNames":{}}}
,"D:\\Code\\p\\vscode-sftp\\src\\ui\\statusBarItem.ts": {"path":"D:\\Code\\p\\vscode-sftp\\src\\ui\\statusBarItem.ts","statementMap":{"0":{"start":{"line":3,"column":17},"end":{"line":8,"column":null}},"1":{"start":{"line":10,"column":0},"end":{"line":14,"column":null}},"2":{"start":{"line":11,"column":2},"end":{"line":11,"column":null}},"3":{"start":{"line":12,"column":2},"end":{"line":12,"column":null}},"4":{"start":{"line":13,"column":2},"end":{"line":13,"column":null}},"5":{"start":{"line":17,"column":18},"end":{"line":17,"column":null}},"6":{"start":{"line":22,"column":30},"end":{"line":22,"column":null}},"7":{"start":{"line":23,"column":28},"end":{"line":23,"column":null}},"8":{"start":{"line":24,"column":38},"end":{"line":24,"column":null}},"9":{"start":{"line":26,"column":10},"end":{"line":26,"column":null}},"10":{"start":{"line":33,"column":4},"end":{"line":33,"column":null}},"11":{"start":{"line":34,"column":4},"end":{"line":34,"column":null}},"12":{"start":{"line":35,"column":4},"end":{"line":35,"column":null}},"13":{"start":{"line":36,"column":4},"end":{"line":36,"column":null}},"14":{"start":{"line":37,"column":4},"end":{"line":37,"column":null}},"15":{"start":{"line":38,"column":4},"end":{"line":38,"column":null}},"16":{"start":{"line":39,"column":4},"end":{"line":39,"column":null}},"17":{"start":{"line":43,"column":4},"end":{"line":43,"column":null}},"18":{"start":{"line":47,"column":4},"end":{"line":47,"column":null}},"19":{"start":{"line":48,"column":4},"end":{"line":48,"column":null}},"20":{"start":{"line":52,"column":4},"end":{"line":52,"column":null}},"21":{"start":{"line":56,"column":4},"end":{"line":56,"column":null}},"22":{"start":{"line":60,"column":4},"end":{"line":60,"column":null}},"23":{"start":{"line":64,"column":4},"end":{"line":66,"column":null}},"24":{"start":{"line":65,"column":6},"end":{"line":65,"column":null}},"25":{"start":{"line":68,"column":23},"end":{"line":68,"column":null}},"26":{"start":{"line":69,"column":4},"end":{"line":72,"column":null}},"27":{"start":{"line":70,"column":6},"end":{"line":70,"column":null}},"28":{"start":{"line":71,"column":6},"end":{"line":71,"column":null}},"29":{"start":{"line":73,"column":4},"end":{"line":73,"column":null}},"30":{"start":{"line":77,"column":4},"end":{"line":77,"column":null}},"31":{"start":{"line":78,"column":4},"end":{"line":78,"column":null}},"32":{"start":{"line":79,"column":4},"end":{"line":79,"column":null}},"33":{"start":{"line":80,"column":4},"end":{"line":80,"column":null}},"34":{"start":{"line":86,"column":4},"end":{"line":89,"column":null}},"35":{"start":{"line":87,"column":6},"end":{"line":87,"column":null}},"36":{"start":{"line":88,"column":6},"end":{"line":88,"column":null}},"37":{"start":{"line":91,"column":4},"end":{"line":94,"column":null}},"38":{"start":{"line":92,"column":6},"end":{"line":92,"column":null}},"39":{"start":{"line":93,"column":6},"end":{"line":93,"column":null}},"40":{"start":{"line":96,"column":4},"end":{"line":96,"column":null}},"41":{"start":{"line":97,"column":4},"end":{"line":97,"column":null}},"42":{"start":{"line":98,"column":4},"end":{"line":98,"column":null}},"43":{"start":{"line":99,"column":4},"end":{"line":101,"column":null}},"44":{"start":{"line":100,"column":6},"end":{"line":100,"column":null}},"45":{"start":{"line":105,"column":4},"end":{"line":123,"column":null}},"46":{"start":{"line":106,"column":6},"end":{"line":106,"column":null}},"47":{"start":{"line":107,"column":11},"end":{"line":123,"column":null}},"48":{"start":{"line":108,"column":6},"end":{"line":120,"column":null}},"49":{"start":{"line":110,"column":10},"end":{"line":110,"column":null}},"50":{"start":{"line":111,"column":10},"end":{"line":111,"column":null}},"51":{"start":{"line":113,"column":10},"end":{"line":113,"column":null}},"52":{"start":{"line":114,"column":10},"end":{"line":114,"column":null}},"53":{"start":{"line":116,"column":10},"end":{"line":116,"column":null}},"54":{"start":{"line":117,"column":10},"end":{"line":117,"column":null}},"55":{"start":{"line":119,"column":10},"end":{"line":119,"column":null}},"56":{"start":{"line":122,"column":6},"end":{"line":122,"column":null}},"57":{"start":{"line":127,"column":4},"end":{"line":127,"column":null}},"58":{"start":{"line":128,"column":4},"end":{"line":128,"column":null}},"59":{"start":{"line":129,"column":4},"end":{"line":129,"column":null}}},"fnMap":{"0":{"name":"(anonymous_0)","decl":{"start":{"line":10,"column":0},"end":{"line":10,"column":5}},"loc":{"start":{"line":10,"column":0},"end":{"line":14,"column":null}},"line":10},"1":{"name":"constructor","decl":{"start":{"line":32,"column":2},"end":{"line":32,"column":14}},"loc":{"start":{"line":32,"column":38},"end":{"line":40,"column":null}},"line":32},"2":{"name":"name","decl":{"start":{"line":42,"column":14},"end":{"line":42,"column":21}},"loc":{"start":{"line":42,"column":21},"end":{"line":44,"column":null}},"line":42},"3":{"name":"updateStatus","decl":{"start":{"line":46,"column":2},"end":{"line":46,"column":15}},"loc":{"start":{"line":46,"column":31},"end":{"line":49,"column":null}},"line":46},"4":{"name":"getText","decl":{"start":{"line":51,"column":2},"end":{"line":51,"column":12}},"loc":{"start":{"line":51,"column":12},"end":{"line":53,"column":null}},"line":51},"5":{"name":"show","decl":{"start":{"line":55,"column":2},"end":{"line":55,"column":9}},"loc":{"start":{"line":55,"column":9},"end":{"line":57,"column":null}},"line":55},"6":{"name":"isSpinning","decl":{"start":{"line":59,"column":2},"end":{"line":59,"column":15}},"loc":{"start":{"line":59,"column":15},"end":{"line":61,"column":null}},"line":59},"7":{"name":"startSpinner","decl":{"start":{"line":63,"column":2},"end":{"line":63,"column":17}},"loc":{"start":{"line":63,"column":17},"end":{"line":74,"column":null}},"line":63},"8":{"name":"(anonymous_8)","decl":{"start":{"line":69,"column":24},"end":{"line":69,"column":42}},"loc":{"start":{"line":69,"column":42},"end":{"line":72,"column":7}},"line":69},"9":{"name":"stopSpinner","decl":{"start":{"line":76,"column":2},"end":{"line":76,"column":16}},"loc":{"start":{"line":76,"column":16},"end":{"line":81,"column":null}},"line":76},"10":{"name":"showMsg","decl":{"start":{"line":85,"column":2},"end":{"line":85,"column":10}},"loc":{"start":{"line":85,"column":78},"end":{"line":102,"column":null}},"line":85},"11":{"name":"_render","decl":{"start":{"line":104,"column":2},"end":{"line":104,"column":10}},"loc":{"start":{"line":104,"column":20},"end":{"line":124,"column":null}},"line":104},"12":{"name":"reset","decl":{"start":{"line":126,"column":2},"end":{"line":126,"column":10}},"loc":{"start":{"line":126,"column":10},"end":{"line":130,"column":null}},"line":126}},"branchMap":{"0":{"loc":{"start":{"line":10,"column":5},"end":{"line":10,"column":null}},"type":"binary-expr","locations":[{"start":{"line":10,"column":5},"end":{"line":10,"column":null}},{"start":{"line":10,"column":5},"end":{"line":10,"column":null}}],"line":10},"1":{"loc":{"start":{"line":43,"column":11},"end":{"line":43,"column":null}},"type":"cond-expr","locations":[{"start":{"line":43,"column":46},"end":{"line":43,"column":61}},{"start":{"line":43,"column":61},"end":{"line":43,"column":null}}],"line":43},"2":{"loc":{"start":{"line":64,"column":4},"end":{"line":66,"column":null}},"type":"if","locations":[{"start":{"line":64,"column":4},"end":{"line":66,"column":null}},{"start":{},"end":{}}],"line":64},"3":{"loc":{"start":{"line":86,"column":4},"end":{"line":89,"column":null}},"type":"if","locations":[{"start":{"line":86,"column":4},"end":{"line":89,"column":null}},{"start":{},"end":{}}],"line":86},"4":{"loc":{"start":{"line":91,"column":4},"end":{"line":94,"column":null}},"type":"if","locations":[{"start":{"line":91,"column":4},"end":{"line":94,"column":null}},{"start":{},"end":{}}],"line":91},"5":{"loc":{"start":{"line":99,"column":4},"end":{"line":101,"column":null}},"type":"if","locations":[{"start":{"line":99,"column":4},"end":{"line":101,"column":null}},{"start":{},"end":{}}],"line":99},"6":{"loc":{"start":{"line":105,"column":4},"end":{"line":123,"column":null}},"type":"if","locations":[{"start":{"line":105,"column":4},"end":{"line":123,"column":null}},{"start":{"line":107,"column":11},"end":{"line":123,"column":null}}],"line":105},"7":{"loc":{"start":{"line":107,"column":11},"end":{"line":123,"column":null}},"type":"if","locations":[{"start":{"line":107,"column":11},"end":{"line":123,"column":null}},{"start":{"line":121,"column":11},"end":{"line":123,"column":null}}],"line":107},"8":{"loc":{"start":{"line":108,"column":6},"end":{"line":120,"column":null}},"type":"switch","locations":[{"start":{"line":109,"column":8},"end":{"line":111,"column":null}},{"start":{"line":112,"column":8},"end":{"line":114,"column":null}},{"start":{"line":115,"column":8},"end":{"line":117,"column":null}},{"start":{"line":118,"column":8},"end":{"line":119,"column":null}}],"line":108}},"s":{"0":0,"1":0,"2":0,"3":0,"4":0,"5":0,"6":0,"7":0,"8":0,"9":0,"10":0,"11":0,"12":0,"13":0,"14":0,"15":0,"16":0,"17":0,"18":0,"19":0,"20":0,"21":0,"22":0,"23":0,"24":0,"25":0,"26":0,"27":0,"28":0,"29":0,"30":0,"31":0,"32":0,"33":0,"34":0,"35":0,"36":0,"37":0,"38":0,"39":0,"40":0,"41":0,"42":0,"43":0,"44":0,"45":0,"46":0,"47":0,"48":0,"49":0,"50":0,"51":0,"52":0,"53":0,"54":0,"55":0,"56":0,"57":0,"58":0,"59":0},"f":{"0":0,"1":0,"2":0,"3":0,"4":0,"5":0,"6":0,"7":0,"8":0,"9":0,"10":0,"11":0,"12":0},"b":{"0":[0,0],"1":[0,0],"2":[0,0],"3":[0,0],"4":[0,0],"5":[0,0],"6":[0,0],"7":[0,0],"8":[0,0,0,0]},"meta":{"lastBranch":9,"lastFunction":13,"lastStatement":60,"seen":{"s:3:17:8:Infinity":0,"s:10:0:14:Infinity":1,"f:10:0:10:5":0,"s:11:2:11:Infinity":2,"s:12:2:12:Infinity":3,"s:13:2:13:Infinity":4,"b:10:5:10:Infinity:10:5:10:Infinity":0,"s:17:18:17:Infinity":5,"s:22:30:22:Infinity":6,"s:23:28:23:Infinity":7,"s:24:38:24:Infinity":8,"s:26:10:26:Infinity":9,"f:32:2:32:14":1,"s:33:4:33:Infinity":10,"s:34:4:34:Infinity":11,"s:35:4:35:Infinity":12,"s:36:4:36:Infinity":13,"s:37:4:37:Infinity":14,"s:38:4:38:Infinity":15,"s:39:4:39:Infinity":16,"f:42:14:42:21":2,"s:43:4:43:Infinity":17,"b:43:46:43:61:43:61:43:Infinity":1,"f:46:2:46:15":3,"s:47:4:47:Infinity":18,"s:48:4:48:Infinity":19,"f:51:2:51:12":4,"s:52:4:52:Infinity":20,"f:55:2:55:9":5,"s:56:4:56:Infinity":21,"f:59:2:59:15":6,"s:60:4:60:Infinity":22,"f:63:2:63:17":7,"b:64:4:66:Infinity:undefined:undefined:undefined:undefined":2,"s:64:4:66:Infinity":23,"s:65:6:65:Infinity":24,"s:68:23:68:Infinity":25,"s:69:4:72:Infinity":26,"f:69:24:69:42":8,"s:70:6:70:Infinity":27,"s:71:6:71:Infinity":28,"s:73:4:73:Infinity":29,"f:76:2:76:16":9,"s:77:4:77:Infinity":30,"s:78:4:78:Infinity":31,"s:79:4:79:Infinity":32,"s:80:4:80:Infinity":33,"f:85:2:85:10":10,"b:86:4:89:Infinity:undefined:undefined:undefined:undefined":3,"s:86:4:89:Infinity":34,"s:87:6:87:Infinity":35,"s:88:6:88:Infinity":36,"b:91:4:94:Infinity:undefined:undefined:undefined:undefined":4,"s:91:4:94:Infinity":37,"s:92:6:92:Infinity":38,"s:93:6:93:Infinity":39,"s:96:4:96:Infinity":40,"s:97:4:97:Infinity":41,"s:98:4:98:Infinity":42,"b:99:4:101:Infinity:undefined:undefined:undefined:undefined":5,"s:99:4:101:Infinity":43,"s:100:6:100:Infinity":44,"f:104:2:104:10":11,"b:105:4:123:Infinity:107:11:123:Infinity":6,"s:105:4:123:Infinity":45,"s:106:6:106:Infinity":46,"b:107:11:123:Infinity:121:11:123:Infinity":7,"s:107:11:123:Infinity":47,"b:109:8:111:Infinity:112:8:114:Infinity:115:8:117:Infinity:118:8:119:Infinity":8,"s:108:6:120:Infinity":48,"s:110:10:110:Infinity":49,"s:111:10:111:Infinity":50,"s:113:10:113:Infinity":51,"s:114:10:114:Infinity":52,"s:116:10:116:Infinity":53,"s:117:10:117:Infinity":54,"s:119:10:119:Infinity":55,"s:122:6:122:Infinity":56,"f:126:2:126:10":12,"s:127:4:127:Infinity":57,"s:128:4:128:Infinity":58,"s:129:4:129:Infinity":59},"fnNames":{}}}
}
